Using pre-set license
Built from '2020.2/release' branch; Version is '2020.2.1f1 (270dd8c3da1c) revision 2559448'; Using compiler version '192528614'; Build Type 'Release'
OS: 'Windows 10  (10.0.0) 64bit' Language: 'en' Physical Memory: 16326 MB
BatchMode: 1, IsHumanControllingUs: 0, StartBugReporterOnCrash: 0, Is64bit: 1, IsPro: 0

 COMMAND LINE ARGUMENTS:
E:\Game making\Unity\Unity\Hub\Editor\2020.2.1f1\Editor\Unity.exe
-adb2
-batchMode
-noUpm
-name
AssetImportWorker0
-projectPath
E:/PROJECTS/AET Tech Art Projects/Project 5 Dungeon/Tech-Art-Project-5-Dungeon
-logFile
Logs/AssetImportWorker0.log
-srvPort
9835
Successfully changed project path to: E:/PROJECTS/AET Tech Art Projects/Project 5 Dungeon/Tech-Art-Project-5-Dungeon
E:/PROJECTS/AET Tech Art Projects/Project 5 Dungeon/Tech-Art-Project-5-Dungeon
Using Asset Import Pipeline V2.
Refreshing native plugins compatible for Editor in 50.73 ms, found 1 plugins.
Preloading 0 native plugins for Editor in 0.00 ms.
Initialize engine version: 2020.2.1f1 (270dd8c3da1c)
[Subsystems] Discovering subsystems at path E:/Game making/Unity/Unity/Hub/Editor/2020.2.1f1/Editor/Data/Resources/UnitySubsystems
[Subsystems] Discovering subsystems at path E:/PROJECTS/AET Tech Art Projects/Project 5 Dungeon/Tech-Art-Project-5-Dungeon/Assets
GfxDevice: creating device client; threaded=0
Direct3D:
    Version:  Direct3D 11.0 [level 11.1]
    Renderer: NVIDIA GeForce GTX 1060 3GB (ID=0x1c02)
    Vendor:   
    VRAM:     2988 MB
    Driver:   27.21.14.5671
Initialize mono
Mono path[0] = 'E:/Game making/Unity/Unity/Hub/Editor/2020.2.1f1/Editor/Data/Managed'
Mono path[1] = 'E:/Game making/Unity/Unity/Hub/Editor/2020.2.1f1/Editor/Data/MonoBleedingEdge/lib/mono/unityjit'
Mono config path = 'E:/Game making/Unity/Unity/Hub/Editor/2020.2.1f1/Editor/Data/MonoBleedingEdge/etc'
Using monoOptions --debugger-agent=transport=dt_socket,embedding=1,server=y,suspend=n,address=127.0.0.1:56956
Begin MonoManager ReloadAssembly
Registering precompiled unity dll's ...
Register platform support module: E:/Game making/Unity/Unity/Hub/Editor/2020.2.1f1/Editor/Data/PlaybackEngines/WindowsStandaloneSupport/UnityEditor.WindowsStandalone.Extensions.dll
Registered in 0.001946 seconds.
Native extension for WindowsStandalone target not found
Refreshing native plugins compatible for Editor in 73.31 ms, found 1 plugins.
Preloading 0 native plugins for Editor in 0.00 ms.
Invoked RoslynAnalysisRunner static constructor.
RoslynAnalysisRunner will not be running.
RoslynAnalysisRunner has terminated.
Mono: successfully reloaded assembly
- Completed reload, in  2.268 seconds
Platform modules already initialized, skipping
Registering precompiled user dll's ...
Registered in 0.002575 seconds.
Begin MonoManager ReloadAssembly
Native extension for WindowsStandalone target not found
Refreshing native plugins compatible for Editor in 50.57 ms, found 1 plugins.
Preloading 0 native plugins for Editor in 0.00 ms.
Invoked RoslynAnalysisRunner static constructor.
RoslynAnalysisRunner will not be running.
RoslynAnalysisRunner has terminated.
Mono: successfully reloaded assembly
- Completed reload, in  1.363 seconds
Platform modules already initialized, skipping
========================================================================
Worker process is ready to serve import requests
Launched and connected shader compiler UnityShaderCompiler.exe after 0.09 seconds
Refreshing native plugins compatible for Editor in 1.02 ms, found 1 plugins.
Preloading 0 native plugins for Editor in 0.00 ms.
Unloading 1802 Unused Serialized files (Serialized files now loaded: 0)
System memory in use before: 84.6 MB.
System memory in use after: 84.7 MB.

Unloading 19 unused Assets to reduce memory usage. Loaded Objects now: 2248.
Total: 8.100800 ms (FindLiveObjects: 1.081700 ms CreateObjectMapping: 0.772100 ms MarkObjects: 6.185500 ms  DeleteObjects: 0.055600 ms)

========================================================================
Received Import Request.
  path: Assets/Resources/Room_NEW.prefab
  artifactKey: Guid(9b088b306ea8b5f4fb5dc05fa916724a) Importer(815301076,1909f56bfc062723c751e8b465ee728b)
Start importing Assets/Resources/Room_NEW.prefab using Guid(9b088b306ea8b5f4fb5dc05fa916724a) Importer(815301076,1909f56bfc062723c751e8b465ee728b)  -> (artifact id: 'fc350eff645693375bbe730828ab0637') in 0.087492 seconds
  Import took 0.093130 seconds .

========================================================================
Received Import Request.
  Time since last request: 0.000379 seconds.
  path: Assets/Resources/Room_NW.prefab
  artifactKey: Guid(079ebb9af937afe4e97fda94408821b6) Importer(815301076,1909f56bfc062723c751e8b465ee728b)
Start importing Assets/Resources/Room_NW.prefab using Guid(079ebb9af937afe4e97fda94408821b6) Importer(815301076,1909f56bfc062723c751e8b465ee728b)  -> (artifact id: '0a22f24bbfb26683119c1a6c4b7f846e') in 0.008156 seconds
  Import took 0.021706 seconds .

========================================================================
Received Import Request.
  Time since last request: 0.000763 seconds.
  path: Assets/Resources/Room_NSW.prefab
  artifactKey: Guid(3931decfd61fc3c4c9a6e368e7eb316a) Importer(815301076,1909f56bfc062723c751e8b465ee728b)
Start importing Assets/Resources/Room_NSW.prefab using Guid(3931decfd61fc3c4c9a6e368e7eb316a) Importer(815301076,1909f56bfc062723c751e8b465ee728b)  -> (artifact id: '4a9a660ab44211273865093457b803f3') in 0.017422 seconds
  Import took 0.024187 seconds .

========================================================================
Received Import Request.
  Time since last request: 0.000202 seconds.
  path: Assets/Resources/Room_EW.prefab
  artifactKey: Guid(2ba65fd0d9090cb48b49a201726bd51c) Importer(815301076,1909f56bfc062723c751e8b465ee728b)
Start importing Assets/Resources/Room_EW.prefab using Guid(2ba65fd0d9090cb48b49a201726bd51c) Importer(815301076,1909f56bfc062723c751e8b465ee728b)  -> (artifact id: '459ee015d8cf9c3ce90794e1173cc9da') in 0.014552 seconds
  Import took 0.019856 seconds .

========================================================================
Received Import Request.
  Time since last request: 0.000227 seconds.
  path: Assets/Resources/Room_W.prefab
  artifactKey: Guid(ff8a777e7f2d4cc44b8bc338f109814d) Importer(815301076,1909f56bfc062723c751e8b465ee728b)
Start importing Assets/Resources/Room_W.prefab using Guid(ff8a777e7f2d4cc44b8bc338f109814d) Importer(815301076,1909f56bfc062723c751e8b465ee728b)  -> (artifact id: 'eb437c10db245b53fa47a09b2577dd48') in 0.009801 seconds
  Import took 0.022800 seconds .

========================================================================
Received Import Request.
  Time since last request: 0.000926 seconds.
  path: Assets/Resources/Room_N.prefab
  artifactKey: Guid(9f28caeec4e9cbc4a94cef60be6e40ed) Importer(815301076,1909f56bfc062723c751e8b465ee728b)
Start importing Assets/Resources/Room_N.prefab using Guid(9f28caeec4e9cbc4a94cef60be6e40ed) Importer(815301076,1909f56bfc062723c751e8b465ee728b)  -> (artifact id: '7da2348ff675a5e017507e88b44495e1') in 0.046492 seconds
  Import took 0.056327 seconds .

========================================================================
Received Import Request.
  Time since last request: 0.000192 seconds.
  path: Assets/Resources/Room_ES.prefab
  artifactKey: Guid(8b88c553e7668ae42a1f190b5e3fbc1f) Importer(815301076,1909f56bfc062723c751e8b465ee728b)
Start importing Assets/Resources/Room_ES.prefab using Guid(8b88c553e7668ae42a1f190b5e3fbc1f) Importer(815301076,1909f56bfc062723c751e8b465ee728b)  -> (artifact id: 'b5f0ff3ba342961506f601fe40291562') in 0.012294 seconds
  Import took 0.017904 seconds .

========================================================================
Received Import Request.
  Time since last request: 0.000257 seconds.
  path: Assets/Resources/Room_NESW.prefab
  artifactKey: Guid(2af4dce1e44c25044b9411658845ca1f) Importer(815301076,1909f56bfc062723c751e8b465ee728b)
Start importing Assets/Resources/Room_NESW.prefab using Guid(2af4dce1e44c25044b9411658845ca1f) Importer(815301076,1909f56bfc062723c751e8b465ee728b)  -> (artifact id: 'b2783d1e6862e4d0115057f6a2f23604') in 0.034835 seconds
  Import took 0.045903 seconds .

========================================================================
Received Import Request.
  Time since last request: 0.001081 seconds.
  path: Assets/Resources/Room_ESW.prefab
  artifactKey: Guid(87c82cad97b718c48964cb10e2d46316) Importer(815301076,1909f56bfc062723c751e8b465ee728b)
Start importing Assets/Resources/Room_ESW.prefab using Guid(87c82cad97b718c48964cb10e2d46316) Importer(815301076,1909f56bfc062723c751e8b465ee728b)  -> (artifact id: '1266576c3e25b0946c7ad1b20a101289') in 0.016583 seconds
  Import took 0.024274 seconds .

========================================================================
Received Import Request.
  Time since last request: 0.000369 seconds.
  path: Assets/Resources/Room_SW.prefab
  artifactKey: Guid(08d7232682a3f9b43af7d5f2a2ce7179) Importer(815301076,1909f56bfc062723c751e8b465ee728b)
Start importing Assets/Resources/Room_SW.prefab using Guid(08d7232682a3f9b43af7d5f2a2ce7179) Importer(815301076,1909f56bfc062723c751e8b465ee728b)  -> (artifact id: '10366d3caa279c09522a956797f6780d') in 0.006663 seconds
  Import took 0.019151 seconds .

========================================================================
Received Import Request.
  Time since last request: 0.000483 seconds.
  path: Assets/Resources/Room_NE.prefab
  artifactKey: Guid(745bbf68ecb3ef84c9915c92c11cfe3e) Importer(815301076,1909f56bfc062723c751e8b465ee728b)
Start importing Assets/Resources/Room_NE.prefab using Guid(745bbf68ecb3ef84c9915c92c11cfe3e) Importer(815301076,1909f56bfc062723c751e8b465ee728b)  -> (artifact id: 'baffcc568c9b0ca1ece6f2f7c1eea62d') in 0.015863 seconds
  Import took 0.024267 seconds .

========================================================================
Received Import Request.
  Time since last request: 0.000269 seconds.
  path: Assets/Resources/Room_E.prefab
  artifactKey: Guid(d6fcabe1c36c6244e9cb50d11bdee192) Importer(815301076,1909f56bfc062723c751e8b465ee728b)
Start importing Assets/Resources/Room_E.prefab using Guid(d6fcabe1c36c6244e9cb50d11bdee192) Importer(815301076,1909f56bfc062723c751e8b465ee728b)  -> (artifact id: '77afcd57fe4a17c9eec1afdc8cfe37c0') in 0.012386 seconds
  Import took 0.017901 seconds .

========================================================================
Received Import Request.
  Time since last request: 0.000275 seconds.
  path: Assets/Resources/Room_NS.prefab
  artifactKey: Guid(5d7d0a2cba9937a49b9742272310ea7c) Importer(815301076,1909f56bfc062723c751e8b465ee728b)
Start importing Assets/Resources/Room_NS.prefab using Guid(5d7d0a2cba9937a49b9742272310ea7c) Importer(815301076,1909f56bfc062723c751e8b465ee728b)  -> (artifact id: '2eb1d464479d8625c212c35eaed5731c') in 0.007314 seconds
  Import took 0.023409 seconds .

========================================================================
Received Import Request.
  Time since last request: 0.000575 seconds.
  path: Assets/Resources/Room_S.prefab
  artifactKey: Guid(79b3ecfdec8ca6149a523c846ed6837f) Importer(815301076,1909f56bfc062723c751e8b465ee728b)
Start importing Assets/Resources/Room_S.prefab using Guid(79b3ecfdec8ca6149a523c846ed6837f) Importer(815301076,1909f56bfc062723c751e8b465ee728b)  -> (artifact id: '7b4f192ba6662995384c9bfe8844e8ec') in 0.012504 seconds
  Import took 0.021410 seconds .

========================================================================
Received Import Request.
  Time since last request: 0.000324 seconds.
  path: Assets/Resources/Room_NS.prefab
  artifactKey: Guid(5d7d0a2cba9937a49b9742272310ea7c) Importer(815301076,1909f56bfc062723c751e8b465ee728b)
Start importing Assets/Resources/Room_NS.prefab using Guid(5d7d0a2cba9937a49b9742272310ea7c) Importer(815301076,1909f56bfc062723c751e8b465ee728b)  -> (artifact id: '2eb1d464479d8625c212c35eaed5731c') in 0.014808 seconds
  Import took 0.021779 seconds .

========================================================================
Received Import Request.
  Time since last request: 0.000941 seconds.
  path: Assets/Resources/Room_S.prefab
  artifactKey: Guid(79b3ecfdec8ca6149a523c846ed6837f) Importer(815301076,1909f56bfc062723c751e8b465ee728b)
Start importing Assets/Resources/Room_S.prefab using Guid(79b3ecfdec8ca6149a523c846ed6837f) Importer(815301076,1909f56bfc062723c751e8b465ee728b)  -> (artifact id: '7b4f192ba6662995384c9bfe8844e8ec') in 0.007842 seconds
  Import took 0.016233 seconds .

========================================================================
Received Import Request.
  Time since last request: 148.926694 seconds.
  path: Assets/Resources/Room_NSW.prefab
  artifactKey: Guid(3931decfd61fc3c4c9a6e368e7eb316a) Importer(815301076,1909f56bfc062723c751e8b465ee728b)
Start importing Assets/Resources/Room_NSW.prefab using Guid(3931decfd61fc3c4c9a6e368e7eb316a) Importer(815301076,1909f56bfc062723c751e8b465ee728b)  -> (artifact id: 'f664d0b5d3aeff81d009ae2f31707a03') in 0.004208 seconds
  Import took 0.008970 seconds .

========================================================================
Received Import Request.
  Time since last request: 1.384193 seconds.
  path: Assets/Resources/Room_NSW.prefab
  artifactKey: Guid(3931decfd61fc3c4c9a6e368e7eb316a) Importer(815301076,1909f56bfc062723c751e8b465ee728b)
Start importing Assets/Resources/Room_NSW.prefab using Guid(3931decfd61fc3c4c9a6e368e7eb316a) Importer(815301076,1909f56bfc062723c751e8b465ee728b)  -> (artifact id: '055833c4c508804a5b89435ef6fbc4db') in 0.007225 seconds
  Import took 0.012274 seconds .

========================================================================
Received Import Request.
  Time since last request: 4.011074 seconds.
  path: Assets/Resources/Room_NSW.prefab
  artifactKey: Guid(3931decfd61fc3c4c9a6e368e7eb316a) Importer(815301076,1909f56bfc062723c751e8b465ee728b)
Start importing Assets/Resources/Room_NSW.prefab using Guid(3931decfd61fc3c4c9a6e368e7eb316a) Importer(815301076,1909f56bfc062723c751e8b465ee728b)  -> (artifact id: '839d7155786b770b83214422dd098ea8') in 0.004284 seconds
  Import took 0.008742 seconds .

========================================================================
Received Import Request.
  Time since last request: 1.012078 seconds.
  path: Assets/Resources/Room_NSW.prefab
  artifactKey: Guid(3931decfd61fc3c4c9a6e368e7eb316a) Importer(815301076,1909f56bfc062723c751e8b465ee728b)
Start importing Assets/Resources/Room_NSW.prefab using Guid(3931decfd61fc3c4c9a6e368e7eb316a) Importer(815301076,1909f56bfc062723c751e8b465ee728b)  -> (artifact id: '2d7df8ae59b1aa3a98229ba5d0c333b4') in 0.005667 seconds
  Import took 0.011622 seconds .

========================================================================
Received Import Request.
  Time since last request: 2.008932 seconds.
  path: Assets/Resources/Room_NSW.prefab
  artifactKey: Guid(3931decfd61fc3c4c9a6e368e7eb316a) Importer(815301076,1909f56bfc062723c751e8b465ee728b)
Start importing Assets/Resources/Room_NSW.prefab using Guid(3931decfd61fc3c4c9a6e368e7eb316a) Importer(815301076,1909f56bfc062723c751e8b465ee728b)  -> (artifact id: 'f337924b271e5332fa293cea9dc3b0d7') in 0.008013 seconds
  Import took 0.013873 seconds .

========================================================================
Received Import Request.
  Time since last request: 3.609345 seconds.
  path: Assets/Resources/Room_NSW.prefab
  artifactKey: Guid(3931decfd61fc3c4c9a6e368e7eb316a) Importer(815301076,1909f56bfc062723c751e8b465ee728b)
Start importing Assets/Resources/Room_NSW.prefab using Guid(3931decfd61fc3c4c9a6e368e7eb316a) Importer(815301076,1909f56bfc062723c751e8b465ee728b)  -> (artifact id: '502afae9a321150ace3363aca0000f9b') in 0.004624 seconds
  Import took 0.008623 seconds .

========================================================================
Received Import Request.
  Time since last request: 1.194433 seconds.
  path: Assets/Resources/Room_NSW.prefab
  artifactKey: Guid(3931decfd61fc3c4c9a6e368e7eb316a) Importer(815301076,1909f56bfc062723c751e8b465ee728b)
Start importing Assets/Resources/Room_NSW.prefab using Guid(3931decfd61fc3c4c9a6e368e7eb316a) Importer(815301076,1909f56bfc062723c751e8b465ee728b)  -> (artifact id: 'd03d4758d1a7dfa5dfc8fc28e7969ffe') in 0.004917 seconds
  Import took 0.009504 seconds .

========================================================================
Received Import Request.
  Time since last request: 5.830353 seconds.
  path: Assets/Resources/Room_NSW.prefab
  artifactKey: Guid(3931decfd61fc3c4c9a6e368e7eb316a) Importer(815301076,1909f56bfc062723c751e8b465ee728b)
Start importing Assets/Resources/Room_NSW.prefab using Guid(3931decfd61fc3c4c9a6e368e7eb316a) Importer(815301076,1909f56bfc062723c751e8b465ee728b)  -> (artifact id: 'ce4c5f0478d42b9d866f6b147f2ce50d') in 0.004804 seconds
  Import took 0.008709 seconds .

========================================================================
Received Import Request.
  Time since last request: 9.454496 seconds.
  path: Assets/Resources/Room_NS.prefab
  artifactKey: Guid(5d7d0a2cba9937a49b9742272310ea7c) Importer(815301076,1909f56bfc062723c751e8b465ee728b)
Start importing Assets/Resources/Room_NS.prefab using Guid(5d7d0a2cba9937a49b9742272310ea7c) Importer(815301076,1909f56bfc062723c751e8b465ee728b)  -> (artifact id: '55073bdffc21b77a99ca0ff721f7d311') in 0.003905 seconds
  Import took 0.008332 seconds .

========================================================================
Received Import Request.
  Time since last request: 1.480237 seconds.
  path: Assets/Resources/Room_NS.prefab
  artifactKey: Guid(5d7d0a2cba9937a49b9742272310ea7c) Importer(815301076,1909f56bfc062723c751e8b465ee728b)
Start importing Assets/Resources/Room_NS.prefab using Guid(5d7d0a2cba9937a49b9742272310ea7c) Importer(815301076,1909f56bfc062723c751e8b465ee728b)  -> (artifact id: 'daed3c36b6e116a1511c68a3e5846312') in 0.004653 seconds
  Import took 0.008615 seconds .

========================================================================
Received Import Request.
  Time since last request: 1.598869 seconds.
  path: Assets/Resources/Room_NS.prefab
  artifactKey: Guid(5d7d0a2cba9937a49b9742272310ea7c) Importer(815301076,1909f56bfc062723c751e8b465ee728b)
Start importing Assets/Resources/Room_NS.prefab using Guid(5d7d0a2cba9937a49b9742272310ea7c) Importer(815301076,1909f56bfc062723c751e8b465ee728b)  -> (artifact id: 'db8216d28765215b887bf6e2ecb41f0a') in 0.004450 seconds
  Import took 0.008421 seconds .

========================================================================
Received Import Request.
  Time since last request: 3.413055 seconds.
  path: Assets/Resources/Room_NS.prefab
  artifactKey: Guid(5d7d0a2cba9937a49b9742272310ea7c) Importer(815301076,1909f56bfc062723c751e8b465ee728b)
Start importing Assets/Resources/Room_NS.prefab using Guid(5d7d0a2cba9937a49b9742272310ea7c) Importer(815301076,1909f56bfc062723c751e8b465ee728b)  -> (artifact id: 'a000e8a3fc370d4a0f2d03b55b174510') in 0.004499 seconds
  Import took 0.008308 seconds .

========================================================================
Received Import Request.
  Time since last request: 1.135169 seconds.
  path: Assets/Resources/Room_NS.prefab
  artifactKey: Guid(5d7d0a2cba9937a49b9742272310ea7c) Importer(815301076,1909f56bfc062723c751e8b465ee728b)
Start importing Assets/Resources/Room_NS.prefab using Guid(5d7d0a2cba9937a49b9742272310ea7c) Importer(815301076,1909f56bfc062723c751e8b465ee728b)  -> (artifact id: '45d76387a9b56de6e9d767896bc7b479') in 0.004171 seconds
  Import took 0.007811 seconds .

========================================================================
Received Import Request.
  Time since last request: 1.413436 seconds.
  path: Assets/Resources/Room_NS.prefab
  artifactKey: Guid(5d7d0a2cba9937a49b9742272310ea7c) Importer(815301076,1909f56bfc062723c751e8b465ee728b)
Start importing Assets/Resources/Room_NS.prefab using Guid(5d7d0a2cba9937a49b9742272310ea7c) Importer(815301076,1909f56bfc062723c751e8b465ee728b)  -> (artifact id: 'cecc861c06a4e668e3aabb0be64f9dcd') in 0.005084 seconds
  Import took 0.009870 seconds .

========================================================================
Received Import Request.
  Time since last request: 16.401364 seconds.
  path: Assets/Resources/Room_NES.prefab
  artifactKey: Guid(7a7a1ab42666824478ffc3614dc448d1) Importer(815301076,1909f56bfc062723c751e8b465ee728b)
Start importing Assets/Resources/Room_NES.prefab using Guid(7a7a1ab42666824478ffc3614dc448d1) Importer(815301076,1909f56bfc062723c751e8b465ee728b)  -> (artifact id: '11e1414c6fea8f44ad257b2b71295602') in 0.012373 seconds
  Import took 0.016506 seconds .

========================================================================
Received Import Request.
  Time since last request: 70.948207 seconds.
  path: Assets/Resources/Room_NES.prefab
  artifactKey: Guid(7a7a1ab42666824478ffc3614dc448d1) Importer(815301076,1909f56bfc062723c751e8b465ee728b)
Start importing Assets/Resources/Room_NES.prefab using Guid(7a7a1ab42666824478ffc3614dc448d1) Importer(815301076,1909f56bfc062723c751e8b465ee728b)  -> (artifact id: '16a98bcb9830e6dcab709d945c149d7d') in 0.005156 seconds
  Import took 0.009719 seconds .

========================================================================
Received Import Request.
  Time since last request: 1.003976 seconds.
  path: Assets/Resources/Room_NES.prefab
  artifactKey: Guid(7a7a1ab42666824478ffc3614dc448d1) Importer(815301076,1909f56bfc062723c751e8b465ee728b)
Start importing Assets/Resources/Room_NES.prefab using Guid(7a7a1ab42666824478ffc3614dc448d1) Importer(815301076,1909f56bfc062723c751e8b465ee728b)  -> (artifact id: 'e73d2af9bc08fa0a8b32ed9af9977d3b') in 0.005797 seconds
  Import took 0.010223 seconds .

========================================================================
Received Import Request.
  Time since last request: 1.190632 seconds.
  path: Assets/Resources/Room_NES.prefab
  artifactKey: Guid(7a7a1ab42666824478ffc3614dc448d1) Importer(815301076,1909f56bfc062723c751e8b465ee728b)
Start importing Assets/Resources/Room_NES.prefab using Guid(7a7a1ab42666824478ffc3614dc448d1) Importer(815301076,1909f56bfc062723c751e8b465ee728b)  -> (artifact id: 'd532f0fd30f410146112944817bfd700') in 0.006433 seconds
  Import took 0.011613 seconds .

========================================================================
Received Import Request.
  Time since last request: 3.012138 seconds.
  path: Assets/Resources/Room_NES.prefab
  artifactKey: Guid(7a7a1ab42666824478ffc3614dc448d1) Importer(815301076,1909f56bfc062723c751e8b465ee728b)
Start importing Assets/Resources/Room_NES.prefab using Guid(7a7a1ab42666824478ffc3614dc448d1) Importer(815301076,1909f56bfc062723c751e8b465ee728b)  -> (artifact id: '56db318a8f33cf0eaa4d8f06f5e50143') in 0.004718 seconds
  Import took 0.008738 seconds .

========================================================================
Received Import Request.
  Time since last request: 1.196670 seconds.
  path: Assets/Resources/Room_NES.prefab
  artifactKey: Guid(7a7a1ab42666824478ffc3614dc448d1) Importer(815301076,1909f56bfc062723c751e8b465ee728b)
Start importing Assets/Resources/Room_NES.prefab using Guid(7a7a1ab42666824478ffc3614dc448d1) Importer(815301076,1909f56bfc062723c751e8b465ee728b)  -> (artifact id: 'e965bf3d0143c7f3566daa819d985715') in 0.004157 seconds
  Import took 0.008712 seconds .

========================================================================
Received Import Request.
  Time since last request: 1.620593 seconds.
  path: Assets/Resources/Room_NES.prefab
  artifactKey: Guid(7a7a1ab42666824478ffc3614dc448d1) Importer(815301076,1909f56bfc062723c751e8b465ee728b)
Start importing Assets/Resources/Room_NES.prefab using Guid(7a7a1ab42666824478ffc3614dc448d1) Importer(815301076,1909f56bfc062723c751e8b465ee728b)  -> (artifact id: '42867d663a5629a16fef9ea3e9a67568') in 0.006335 seconds
  Import took 0.010960 seconds .

========================================================================
Received Import Request.
  Time since last request: 8.063980 seconds.
  path: Assets/Resources/Room_NES.prefab
  artifactKey: Guid(7a7a1ab42666824478ffc3614dc448d1) Importer(815301076,1909f56bfc062723c751e8b465ee728b)
Start importing Assets/Resources/Room_NES.prefab using Guid(7a7a1ab42666824478ffc3614dc448d1) Importer(815301076,1909f56bfc062723c751e8b465ee728b)  -> (artifact id: '26eedd0595d88a24776b2bc4731c4df4') in 0.004913 seconds
  Import took 0.008564 seconds .

========================================================================
Received Import Request.
  Time since last request: 1.615063 seconds.
  path: Assets/Resources/Room_NES.prefab
  artifactKey: Guid(7a7a1ab42666824478ffc3614dc448d1) Importer(815301076,1909f56bfc062723c751e8b465ee728b)
Start importing Assets/Resources/Room_NES.prefab using Guid(7a7a1ab42666824478ffc3614dc448d1) Importer(815301076,1909f56bfc062723c751e8b465ee728b)  -> (artifact id: 'bfb08bb34f1be925f80458fbed4d493e') in 0.006287 seconds
  Import took 0.012433 seconds .

========================================================================
Received Import Request.
  Time since last request: 6.363588 seconds.
  path: Assets/Resources/Room_NES.prefab
  artifactKey: Guid(7a7a1ab42666824478ffc3614dc448d1) Importer(815301076,1909f56bfc062723c751e8b465ee728b)
Start importing Assets/Resources/Room_NES.prefab using Guid(7a7a1ab42666824478ffc3614dc448d1) Importer(815301076,1909f56bfc062723c751e8b465ee728b)  -> (artifact id: 'f179c4c595dbd89386bcee2cbcaeca6d') in 0.004192 seconds
  Import took 0.008782 seconds .

========================================================================
Received Import Request.
  Time since last request: 69.387467 seconds.
  path: Assets/Resources/Room_NES.prefab
  artifactKey: Guid(7a7a1ab42666824478ffc3614dc448d1) Importer(815301076,1909f56bfc062723c751e8b465ee728b)
Start importing Assets/Resources/Room_NES.prefab using Guid(7a7a1ab42666824478ffc3614dc448d1) Importer(815301076,1909f56bfc062723c751e8b465ee728b)  -> (artifact id: '61999fa7d31fe81ef795e4a1a9daf8b3') in 0.005830 seconds
  Import took 0.011130 seconds .

========================================================================
Received Import Request.
  Time since last request: 6.017491 seconds.
  path: Assets/Resources/Room_NES.prefab
  artifactKey: Guid(7a7a1ab42666824478ffc3614dc448d1) Importer(815301076,1909f56bfc062723c751e8b465ee728b)
Start importing Assets/Resources/Room_NES.prefab using Guid(7a7a1ab42666824478ffc3614dc448d1) Importer(815301076,1909f56bfc062723c751e8b465ee728b)  -> (artifact id: '92fb356b17f9d1254ecba3fbb020b560') in 0.006038 seconds
  Import took 0.010833 seconds .

========================================================================
Received Import Request.
  Time since last request: 127.527277 seconds.
  path: Assets/Resources/Room_W.prefab
  artifactKey: Guid(ff8a777e7f2d4cc44b8bc338f109814d) Importer(815301076,1909f56bfc062723c751e8b465ee728b)
Start importing Assets/Resources/Room_W.prefab using Guid(ff8a777e7f2d4cc44b8bc338f109814d) Importer(815301076,1909f56bfc062723c751e8b465ee728b)  -> (artifact id: 'a7a8c3fbfd8dd3229f67f467b2c75cf6') in 0.004183 seconds
  Import took 0.008054 seconds .

========================================================================
Received Import Request.
  Time since last request: 0.586577 seconds.
  path: Assets/Resources/Room_W.prefab
  artifactKey: Guid(ff8a777e7f2d4cc44b8bc338f109814d) Importer(815301076,1909f56bfc062723c751e8b465ee728b)
Start importing Assets/Resources/Room_W.prefab using Guid(ff8a777e7f2d4cc44b8bc338f109814d) Importer(815301076,1909f56bfc062723c751e8b465ee728b)  -> (artifact id: 'c96b30b13863527b35e53d6080cf542d') in 0.004545 seconds
  Import took 0.008648 seconds .

========================================================================
Received Import Request.
  Time since last request: 5.436940 seconds.
  path: Assets/Resources/Room_W.prefab
  artifactKey: Guid(ff8a777e7f2d4cc44b8bc338f109814d) Importer(815301076,1909f56bfc062723c751e8b465ee728b)
Start importing Assets/Resources/Room_W.prefab using Guid(ff8a777e7f2d4cc44b8bc338f109814d) Importer(815301076,1909f56bfc062723c751e8b465ee728b)  -> (artifact id: 'af557d330744e7440698d86d494c50f4') in 0.004228 seconds
  Import took 0.008387 seconds .

========================================================================
Received Import Request.
  Time since last request: 11.699893 seconds.
  path: Assets/Resources/Room_W.prefab
  artifactKey: Guid(ff8a777e7f2d4cc44b8bc338f109814d) Importer(815301076,1909f56bfc062723c751e8b465ee728b)
Start importing Assets/Resources/Room_W.prefab using Guid(ff8a777e7f2d4cc44b8bc338f109814d) Importer(815301076,1909f56bfc062723c751e8b465ee728b)  -> (artifact id: 'b00b8b6279bf11d814ecfb1523cb23b2') in 0.004419 seconds
  Import took 0.009062 seconds .

========================================================================
Received Import Request.
  Time since last request: 7.275931 seconds.
  path: Assets/Resources/Room_E.prefab
  artifactKey: Guid(d6fcabe1c36c6244e9cb50d11bdee192) Importer(815301076,1909f56bfc062723c751e8b465ee728b)
Start importing Assets/Resources/Room_E.prefab using Guid(d6fcabe1c36c6244e9cb50d11bdee192) Importer(815301076,1909f56bfc062723c751e8b465ee728b)  -> (artifact id: '2d1d5389d57275d125450a69f5aaf285') in 0.004890 seconds
  Import took 0.009059 seconds .

========================================================================
Received Import Request.
  Time since last request: 1.406986 seconds.
  path: Assets/Resources/Room_E.prefab
  artifactKey: Guid(d6fcabe1c36c6244e9cb50d11bdee192) Importer(815301076,1909f56bfc062723c751e8b465ee728b)
Start importing Assets/Resources/Room_E.prefab using Guid(d6fcabe1c36c6244e9cb50d11bdee192) Importer(815301076,1909f56bfc062723c751e8b465ee728b)  -> (artifact id: '3d3a586f6125236587e254988d220274') in 0.005530 seconds
  Import took 0.010435 seconds .

========================================================================
Received Import Request.
  Time since last request: 2.266978 seconds.
  path: Assets/Resources/Room_E.prefab
  artifactKey: Guid(d6fcabe1c36c6244e9cb50d11bdee192) Importer(815301076,1909f56bfc062723c751e8b465ee728b)
Start importing Assets/Resources/Room_E.prefab using Guid(d6fcabe1c36c6244e9cb50d11bdee192) Importer(815301076,1909f56bfc062723c751e8b465ee728b)  -> (artifact id: 'ff22c0ac81cfa265b8f4c5b87581dc49') in 0.004292 seconds
  Import took 0.008633 seconds .

========================================================================
Received Import Request.
  Time since last request: 5.211629 seconds.
  path: Assets/Resources/Room_ES.prefab
  artifactKey: Guid(8b88c553e7668ae42a1f190b5e3fbc1f) Importer(815301076,1909f56bfc062723c751e8b465ee728b)
Start importing Assets/Resources/Room_ES.prefab using Guid(8b88c553e7668ae42a1f190b5e3fbc1f) Importer(815301076,1909f56bfc062723c751e8b465ee728b)  -> (artifact id: '2f77aa33bc148bb714f9acb5b21b64e5') in 0.004230 seconds
  Import took 0.007801 seconds .

========================================================================
Received Import Request.
  Time since last request: 0.189324 seconds.
  path: Assets/Resources/Room_ES.prefab
  artifactKey: Guid(8b88c553e7668ae42a1f190b5e3fbc1f) Importer(815301076,1909f56bfc062723c751e8b465ee728b)
Start importing Assets/Resources/Room_ES.prefab using Guid(8b88c553e7668ae42a1f190b5e3fbc1f) Importer(815301076,1909f56bfc062723c751e8b465ee728b)  -> (artifact id: 'f143a4a6f5d8184fdb716b0e27be771f') in 0.004365 seconds
  Import took 0.008516 seconds .

========================================================================
Received Import Request.
  Time since last request: 4.035240 seconds.
  path: Assets/Resources/Room_ES.prefab
  artifactKey: Guid(8b88c553e7668ae42a1f190b5e3fbc1f) Importer(815301076,1909f56bfc062723c751e8b465ee728b)
Start importing Assets/Resources/Room_ES.prefab using Guid(8b88c553e7668ae42a1f190b5e3fbc1f) Importer(815301076,1909f56bfc062723c751e8b465ee728b)  -> (artifact id: '0aaf797cd00a0e9ba782808e358663e5') in 0.004776 seconds
  Import took 0.009311 seconds .

========================================================================
Received Import Request.
  Time since last request: 5.024558 seconds.
  path: Assets/Resources/Room_ESW.prefab
  artifactKey: Guid(87c82cad97b718c48964cb10e2d46316) Importer(815301076,1909f56bfc062723c751e8b465ee728b)
Start importing Assets/Resources/Room_ESW.prefab using Guid(87c82cad97b718c48964cb10e2d46316) Importer(815301076,1909f56bfc062723c751e8b465ee728b)  -> (artifact id: '66730daaa11af0a25f19c8b6b58757bc') in 0.004768 seconds
  Import took 0.008605 seconds .

========================================================================
Received Import Request.
  Time since last request: 2.145470 seconds.
  path: Assets/Resources/Room_ESW.prefab
  artifactKey: Guid(87c82cad97b718c48964cb10e2d46316) Importer(815301076,1909f56bfc062723c751e8b465ee728b)
Start importing Assets/Resources/Room_ESW.prefab using Guid(87c82cad97b718c48964cb10e2d46316) Importer(815301076,1909f56bfc062723c751e8b465ee728b)  -> (artifact id: '194d13ee5a6bed2aeaabd811f8334429') in 0.004457 seconds
  Import took 0.009289 seconds .

========================================================================
Received Import Request.
  Time since last request: 3.412798 seconds.
  path: Assets/Resources/Room_ESW.prefab
  artifactKey: Guid(87c82cad97b718c48964cb10e2d46316) Importer(815301076,1909f56bfc062723c751e8b465ee728b)
Start importing Assets/Resources/Room_ESW.prefab using Guid(87c82cad97b718c48964cb10e2d46316) Importer(815301076,1909f56bfc062723c751e8b465ee728b)  -> (artifact id: '47959fd204ea7c7267a4cad471268989') in 0.004195 seconds
  Import took 0.008997 seconds .

========================================================================
Received Import Request.
  Time since last request: 4.471092 seconds.
  path: Assets/Resources/Room_ESW.prefab
  artifactKey: Guid(87c82cad97b718c48964cb10e2d46316) Importer(815301076,1909f56bfc062723c751e8b465ee728b)
Start importing Assets/Resources/Room_ESW.prefab using Guid(87c82cad97b718c48964cb10e2d46316) Importer(815301076,1909f56bfc062723c751e8b465ee728b)  -> (artifact id: 'd1e8707b8196c0425636cf3480a2b04e') in 0.006203 seconds
  Import took 0.011392 seconds .

========================================================================
Received Import Request.
  Time since last request: 5.911803 seconds.
  path: Assets/Resources/Room_EW.prefab
  artifactKey: Guid(2ba65fd0d9090cb48b49a201726bd51c) Importer(815301076,1909f56bfc062723c751e8b465ee728b)
Start importing Assets/Resources/Room_EW.prefab using Guid(2ba65fd0d9090cb48b49a201726bd51c) Importer(815301076,1909f56bfc062723c751e8b465ee728b)  -> (artifact id: '371dd903b85b5a0460485b706566f45d') in 0.007406 seconds
  Import took 0.014024 seconds .

========================================================================
Received Import Request.
  Time since last request: 2.863701 seconds.
  path: Assets/Resources/Room_EW.prefab
  artifactKey: Guid(2ba65fd0d9090cb48b49a201726bd51c) Importer(815301076,1909f56bfc062723c751e8b465ee728b)
Start importing Assets/Resources/Room_EW.prefab using Guid(2ba65fd0d9090cb48b49a201726bd51c) Importer(815301076,1909f56bfc062723c751e8b465ee728b)  -> (artifact id: '626f5be9dfb8ef1de460c9fe15b92a0d') in 0.004970 seconds
  Import took 0.008897 seconds .

========================================================================
Received Import Request.
  Time since last request: 3.431975 seconds.
  path: Assets/Resources/Room_EW.prefab
  artifactKey: Guid(2ba65fd0d9090cb48b49a201726bd51c) Importer(815301076,1909f56bfc062723c751e8b465ee728b)
Start importing Assets/Resources/Room_EW.prefab using Guid(2ba65fd0d9090cb48b49a201726bd51c) Importer(815301076,1909f56bfc062723c751e8b465ee728b)  -> (artifact id: 'ca01450dac48b378446871ebc695f4a0') in 0.005034 seconds
  Import took 0.009472 seconds .

========================================================================
Received Import Request.
  Time since last request: 7.616507 seconds.
  path: Assets/Resources/Room_N.prefab
  artifactKey: Guid(9f28caeec4e9cbc4a94cef60be6e40ed) Importer(815301076,1909f56bfc062723c751e8b465ee728b)
Start importing Assets/Resources/Room_N.prefab using Guid(9f28caeec4e9cbc4a94cef60be6e40ed) Importer(815301076,1909f56bfc062723c751e8b465ee728b)  -> (artifact id: '7ff83b63a92e2e6bed2cb2292fdc8251') in 0.005732 seconds
  Import took 0.011066 seconds .

========================================================================
Received Import Request.
  Time since last request: 2.185577 seconds.
  path: Assets/Resources/Room_N.prefab
  artifactKey: Guid(9f28caeec4e9cbc4a94cef60be6e40ed) Importer(815301076,1909f56bfc062723c751e8b465ee728b)
Start importing Assets/Resources/Room_N.prefab using Guid(9f28caeec4e9cbc4a94cef60be6e40ed) Importer(815301076,1909f56bfc062723c751e8b465ee728b)  -> (artifact id: '9035b9ed54d99f735d68d366f55cd809') in 0.004529 seconds
  Import took 0.009136 seconds .

========================================================================
Received Import Request.
  Time since last request: 3.835795 seconds.
  path: Assets/Resources/Room_N.prefab
  artifactKey: Guid(9f28caeec4e9cbc4a94cef60be6e40ed) Importer(815301076,1909f56bfc062723c751e8b465ee728b)
Start importing Assets/Resources/Room_N.prefab using Guid(9f28caeec4e9cbc4a94cef60be6e40ed) Importer(815301076,1909f56bfc062723c751e8b465ee728b)  -> (artifact id: '7737621e35a9689af371add919f9f53d') in 0.005405 seconds
  Import took 0.009123 seconds .

========================================================================
Received Import Request.
  Time since last request: 6.444123 seconds.
  path: Assets/Resources/Room_NE.prefab
  artifactKey: Guid(745bbf68ecb3ef84c9915c92c11cfe3e) Importer(815301076,1909f56bfc062723c751e8b465ee728b)
Start importing Assets/Resources/Room_NE.prefab using Guid(745bbf68ecb3ef84c9915c92c11cfe3e) Importer(815301076,1909f56bfc062723c751e8b465ee728b)  -> (artifact id: '248a006fe614fc4ed026747951c7353c') in 0.006079 seconds
  Import took 0.010660 seconds .

========================================================================
Received Import Request.
  Time since last request: 0.393125 seconds.
  path: Assets/Resources/Room_NE.prefab
  artifactKey: Guid(745bbf68ecb3ef84c9915c92c11cfe3e) Importer(815301076,1909f56bfc062723c751e8b465ee728b)
Start importing Assets/Resources/Room_NE.prefab using Guid(745bbf68ecb3ef84c9915c92c11cfe3e) Importer(815301076,1909f56bfc062723c751e8b465ee728b)  -> (artifact id: '19c6b90e7c3aff70bb3b84604473869e') in 0.004525 seconds
  Import took 0.009275 seconds .

========================================================================
Received Import Request.
  Time since last request: 3.811085 seconds.
  path: Assets/Resources/Room_NESW.prefab
  artifactKey: Guid(2af4dce1e44c25044b9411658845ca1f) Importer(815301076,1909f56bfc062723c751e8b465ee728b)
Start importing Assets/Resources/Room_NESW.prefab using Guid(2af4dce1e44c25044b9411658845ca1f) Importer(815301076,1909f56bfc062723c751e8b465ee728b)  -> (artifact id: 'e94c44ce02a9a13acbf930754c87d894') in 0.004417 seconds
  Import took 0.008902 seconds .

========================================================================
Received Import Request.
  Time since last request: 0.396409 seconds.
  path: Assets/Resources/Room_NESW.prefab
  artifactKey: Guid(2af4dce1e44c25044b9411658845ca1f) Importer(815301076,1909f56bfc062723c751e8b465ee728b)
Start importing Assets/Resources/Room_NESW.prefab using Guid(2af4dce1e44c25044b9411658845ca1f) Importer(815301076,1909f56bfc062723c751e8b465ee728b)  -> (artifact id: '4188be77c12629fe8eec188b1f11c35e') in 0.006141 seconds
  Import took 0.011020 seconds .

========================================================================
Received Import Request.
  Time since last request: 4.299424 seconds.
  path: Assets/Resources/Room_NES.prefab
  artifactKey: Guid(7a7a1ab42666824478ffc3614dc448d1) Importer(815301076,1909f56bfc062723c751e8b465ee728b)
Start importing Assets/Resources/Room_NES.prefab using Guid(7a7a1ab42666824478ffc3614dc448d1) Importer(815301076,1909f56bfc062723c751e8b465ee728b)  -> (artifact id: 'fcba38090814c156d9c66682f790072b') in 0.005313 seconds
  Import took 0.009859 seconds .

========================================================================
Received Import Request.
  Time since last request: 0.384872 seconds.
  path: Assets/Resources/Room_NES.prefab
  artifactKey: Guid(7a7a1ab42666824478ffc3614dc448d1) Importer(815301076,1909f56bfc062723c751e8b465ee728b)
Start importing Assets/Resources/Room_NES.prefab using Guid(7a7a1ab42666824478ffc3614dc448d1) Importer(815301076,1909f56bfc062723c751e8b465ee728b)  -> (artifact id: '8f472fa849d71337f7acf9f4e05b0503') in 0.005302 seconds
  Import took 0.009695 seconds .

========================================================================
Received Import Request.
  Time since last request: 4.238502 seconds.
  path: Assets/Resources/Room_NEW.prefab
  artifactKey: Guid(9b088b306ea8b5f4fb5dc05fa916724a) Importer(815301076,1909f56bfc062723c751e8b465ee728b)
Start importing Assets/Resources/Room_NEW.prefab using Guid(9b088b306ea8b5f4fb5dc05fa916724a) Importer(815301076,1909f56bfc062723c751e8b465ee728b)  -> (artifact id: 'af4967fdacf17f12ef0151428e4adf52') in 0.004423 seconds
  Import took 0.008061 seconds .

========================================================================
Received Import Request.
  Time since last request: 0.746596 seconds.
  path: Assets/Resources/Room_NEW.prefab
  artifactKey: Guid(9b088b306ea8b5f4fb5dc05fa916724a) Importer(815301076,1909f56bfc062723c751e8b465ee728b)
Start importing Assets/Resources/Room_NEW.prefab using Guid(9b088b306ea8b5f4fb5dc05fa916724a) Importer(815301076,1909f56bfc062723c751e8b465ee728b)  -> (artifact id: '2587a748d2c597587e7e56f20a03a0bf') in 0.005245 seconds
  Import took 0.009434 seconds .

========================================================================
Received Import Request.
  Time since last request: 1.395137 seconds.
  path: Assets/Resources/Room_NEW.prefab
  artifactKey: Guid(9b088b306ea8b5f4fb5dc05fa916724a) Importer(815301076,1909f56bfc062723c751e8b465ee728b)
Start importing Assets/Resources/Room_NEW.prefab using Guid(9b088b306ea8b5f4fb5dc05fa916724a) Importer(815301076,1909f56bfc062723c751e8b465ee728b)  -> (artifact id: '8364a0ac71f98760120a09bfbf14d2e9') in 0.004774 seconds
  Import took 0.009671 seconds .

========================================================================
Received Import Request.
  Time since last request: 0.205345 seconds.
  path: Assets/Resources/Room_NEW.prefab
  artifactKey: Guid(9b088b306ea8b5f4fb5dc05fa916724a) Importer(815301076,1909f56bfc062723c751e8b465ee728b)
Start importing Assets/Resources/Room_NEW.prefab using Guid(9b088b306ea8b5f4fb5dc05fa916724a) Importer(815301076,1909f56bfc062723c751e8b465ee728b)  -> (artifact id: '6d749b0e61be13d45ba9a7648cb763d8') in 0.005811 seconds
  Import took 0.009663 seconds .

========================================================================
Received Import Request.
  Time since last request: 3.823374 seconds.
  path: Assets/Resources/Room_NSW.prefab
  artifactKey: Guid(3931decfd61fc3c4c9a6e368e7eb316a) Importer(815301076,1909f56bfc062723c751e8b465ee728b)
Start importing Assets/Resources/Room_NSW.prefab using Guid(3931decfd61fc3c4c9a6e368e7eb316a) Importer(815301076,1909f56bfc062723c751e8b465ee728b)  -> (artifact id: '3b5ce39004359352bc3d36c413fef8e7') in 0.004528 seconds
  Import took 0.009184 seconds .

========================================================================
Received Import Request.
  Time since last request: 0.191050 seconds.
  path: Assets/Resources/Room_NSW.prefab
  artifactKey: Guid(3931decfd61fc3c4c9a6e368e7eb316a) Importer(815301076,1909f56bfc062723c751e8b465ee728b)
Start importing Assets/Resources/Room_NSW.prefab using Guid(3931decfd61fc3c4c9a6e368e7eb316a) Importer(815301076,1909f56bfc062723c751e8b465ee728b)  -> (artifact id: '4d919701ed9e47ba5cb00044bb3fd2a9') in 0.005025 seconds
  Import took 0.008977 seconds .

========================================================================
Received Import Request.
  Time since last request: 5.228799 seconds.
  path: Assets/Resources/Room_NS.prefab
  artifactKey: Guid(5d7d0a2cba9937a49b9742272310ea7c) Importer(815301076,1909f56bfc062723c751e8b465ee728b)
Start importing Assets/Resources/Room_NS.prefab using Guid(5d7d0a2cba9937a49b9742272310ea7c) Importer(815301076,1909f56bfc062723c751e8b465ee728b)  -> (artifact id: '4a1fdd768c0b6ea9bc1a04968444264b') in 0.005063 seconds
  Import took 0.009162 seconds .

========================================================================
Received Import Request.
  Time since last request: 0.014818 seconds.
  path: Assets/Resources/Room_NS.prefab
  artifactKey: Guid(5d7d0a2cba9937a49b9742272310ea7c) Importer(815301076,1909f56bfc062723c751e8b465ee728b)
Start importing Assets/Resources/Room_NS.prefab using Guid(5d7d0a2cba9937a49b9742272310ea7c) Importer(815301076,1909f56bfc062723c751e8b465ee728b)  -> (artifact id: '4a1fdd768c0b6ea9bc1a04968444264b') in 0.004674 seconds
  Import took 0.008794 seconds .

========================================================================
Received Import Request.
  Time since last request: 0.167850 seconds.
  path: Assets/Resources/Room_NS.prefab
  artifactKey: Guid(5d7d0a2cba9937a49b9742272310ea7c) Importer(815301076,1909f56bfc062723c751e8b465ee728b)
Start importing Assets/Resources/Room_NS.prefab using Guid(5d7d0a2cba9937a49b9742272310ea7c) Importer(815301076,1909f56bfc062723c751e8b465ee728b)  -> (artifact id: '9321f026f89d9321a1fcbc9b1d91a4e8') in 0.005312 seconds
  Import took 0.009553 seconds .

========================================================================
Received Import Request.
  Time since last request: 5.085879 seconds.
  path: Assets/Resources/Room_S.prefab
  artifactKey: Guid(79b3ecfdec8ca6149a523c846ed6837f) Importer(815301076,1909f56bfc062723c751e8b465ee728b)
Start importing Assets/Resources/Room_S.prefab using Guid(79b3ecfdec8ca6149a523c846ed6837f) Importer(815301076,1909f56bfc062723c751e8b465ee728b)  -> (artifact id: 'c28d2f9a43def82df665c904f761894b') in 0.004285 seconds
  Import took 0.008139 seconds .

========================================================================
Received Import Request.
  Time since last request: 3.419847 seconds.
  path: Assets/Resources/Room_SW.prefab
  artifactKey: Guid(08d7232682a3f9b43af7d5f2a2ce7179) Importer(815301076,1909f56bfc062723c751e8b465ee728b)
Start importing Assets/Resources/Room_SW.prefab using Guid(08d7232682a3f9b43af7d5f2a2ce7179) Importer(815301076,1909f56bfc062723c751e8b465ee728b)  -> (artifact id: '99879360cd8edc07ebf835b96f3b587c') in 0.004268 seconds
  Import took 0.008088 seconds .

========================================================================
Received Import Request.
  Time since last request: 0.271746 seconds.
  path: Assets/Resources/Room_SW.prefab
  artifactKey: Guid(08d7232682a3f9b43af7d5f2a2ce7179) Importer(815301076,1909f56bfc062723c751e8b465ee728b)
Start importing Assets/Resources/Room_SW.prefab using Guid(08d7232682a3f9b43af7d5f2a2ce7179) Importer(815301076,1909f56bfc062723c751e8b465ee728b)  -> (artifact id: '3245a5dde0ab59fb75f30a1b468e1648') in 0.004576 seconds
  Import took 0.008547 seconds .

========================================================================
Received Import Request.
  Time since last request: 12.860237 seconds.
  path: Assets/Resources/Room_NW.prefab
  artifactKey: Guid(079ebb9af937afe4e97fda94408821b6) Importer(815301076,1909f56bfc062723c751e8b465ee728b)
Start importing Assets/Resources/Room_NW.prefab using Guid(079ebb9af937afe4e97fda94408821b6) Importer(815301076,1909f56bfc062723c751e8b465ee728b)  -> (artifact id: '875769a0220bc5e10dac661c422f587b') in 0.004381 seconds
  Import took 0.008158 seconds .

========================================================================
Received Import Request.
  Time since last request: 0.273288 seconds.
  path: Assets/Resources/Room_NW.prefab
  artifactKey: Guid(079ebb9af937afe4e97fda94408821b6) Importer(815301076,1909f56bfc062723c751e8b465ee728b)
Start importing Assets/Resources/Room_NW.prefab using Guid(079ebb9af937afe4e97fda94408821b6) Importer(815301076,1909f56bfc062723c751e8b465ee728b)  -> (artifact id: '477a300ad8bc006e50db61ce1f37d1af') in 0.004439 seconds
  Import took 0.008416 seconds .

========================================================================
Received Import Request.
  Time since last request: 21.036452 seconds.
  path: Assets/Prefabs
  artifactKey: Guid(9a26eb32d0f0d9a43a4792a14377e1fb) Importer(815301076,1909f56bfc062723c751e8b465ee728b)
Start importing Assets/Prefabs using Guid(9a26eb32d0f0d9a43a4792a14377e1fb) Importer(815301076,1909f56bfc062723c751e8b465ee728b)  -> (artifact id: '924a916b5a5349a00de6e9c969d3b5e4') in 0.008756 seconds
  Import took 0.012238 seconds .

========================================================================
Received Prepare
Registering precompiled user dll's ...
Registered in 0.001224 seconds.
Begin MonoManager ReloadAssembly
Native extension for WindowsStandalone target not found
Refreshing native plugins compatible for Editor in 0.54 ms, found 1 plugins.
Preloading 0 native plugins for Editor in 0.00 ms.
Invoked RoslynAnalysisRunner static constructor.
RoslynAnalysisRunner will not be running.
RoslynAnalysisRunner has terminated.
Mono: successfully reloaded assembly
- Completed reload, in  0.810 seconds
Platform modules already initialized, skipping
Refreshing native plugins compatible for Editor in 0.43 ms, found 1 plugins.
Preloading 0 native plugins for Editor in 0.00 ms.
Unloading 1792 Unused Serialized files (Serialized files now loaded: 0)
System memory in use before: 84.7 MB.
System memory in use after: 84.8 MB.

Unloading 7 unused Assets to reduce memory usage. Loaded Objects now: 2251.
Total: 3.583600 ms (FindLiveObjects: 0.618500 ms CreateObjectMapping: 0.283500 ms MarkObjects: 2.654700 ms  DeleteObjects: 0.022900 ms)

========================================================================
Received Import Request.
  Time since last request: 144.466518 seconds.
  path: Assets/Scenes/Demo.unity
  artifactKey: Guid(a8bc47ee245d8f04f8fdc4451a63cb14) Importer(815301076,1909f56bfc062723c751e8b465ee728b)
Start importing Assets/Scenes/Demo.unity using Guid(a8bc47ee245d8f04f8fdc4451a63cb14) Importer(815301076,1909f56bfc062723c751e8b465ee728b)  -> (artifact id: '8e6cbcde83bec99832b9a87d239aa456') in 0.016255 seconds
  Import took 0.019607 seconds .

========================================================================
Received Import Request.
  Time since last request: 7.789994 seconds.
  path: Assets/Scenes/JakeTestScene.unity
  artifactKey: Guid(e6bd7785c9b6560458f49f19646e2207) Importer(815301076,1909f56bfc062723c751e8b465ee728b)
Start importing Assets/Scenes/JakeTestScene.unity using Guid(e6bd7785c9b6560458f49f19646e2207) Importer(815301076,1909f56bfc062723c751e8b465ee728b)  -> (artifact id: '30b60edc99186073b375bfdd1ba5e71f') in 0.008040 seconds
  Import took 0.012615 seconds .

========================================================================
Received Import Request.
  Time since last request: 0.000397 seconds.
  path: Assets/Scenes/JakeTestScene.unity
  artifactKey: Guid(e6bd7785c9b6560458f49f19646e2207) Importer(815301076,1909f56bfc062723c751e8b465ee728b)
Start importing Assets/Scenes/JakeTestScene.unity using Guid(e6bd7785c9b6560458f49f19646e2207) Importer(815301076,1909f56bfc062723c751e8b465ee728b)  -> (artifact id: '30b60edc99186073b375bfdd1ba5e71f') in 0.002922 seconds
  Import took 0.007698 seconds .

========================================================================
Received Import Request.
  Time since last request: 15.322297 seconds.
  path: Assets/Scenes/JakeTestScene.unity
  artifactKey: Guid(e6bd7785c9b6560458f49f19646e2207) Importer(815301076,1909f56bfc062723c751e8b465ee728b)
Start importing Assets/Scenes/JakeTestScene.unity using Guid(e6bd7785c9b6560458f49f19646e2207) Importer(815301076,1909f56bfc062723c751e8b465ee728b)  -> (artifact id: 'f2a21b7a037bad461b877cde7fcd9296') in 0.003308 seconds
  Import took 0.007402 seconds .

========================================================================
Received Prepare
Registering precompiled user dll's ...
Registered in 0.001493 seconds.
Begin MonoManager ReloadAssembly
Native extension for WindowsStandalone target not found
Refreshing native plugins compatible for Editor in 0.40 ms, found 1 plugins.
Preloading 0 native plugins for Editor in 0.00 ms.
Invoked RoslynAnalysisRunner static constructor.
RoslynAnalysisRunner will not be running.
RoslynAnalysisRunner has terminated.
Mono: successfully reloaded assembly
- Completed reload, in  0.851 seconds
Platform modules already initialized, skipping
Refreshing native plugins compatible for Editor in 0.42 ms, found 1 plugins.
Preloading 0 native plugins for Editor in 0.00 ms.
Unloading 1792 Unused Serialized files (Serialized files now loaded: 0)
System memory in use before: 84.8 MB.
System memory in use after: 85.0 MB.

Unloading 7 unused Assets to reduce memory usage. Loaded Objects now: 2254.
Total: 2.323300 ms (FindLiveObjects: 0.281800 ms CreateObjectMapping: 0.147300 ms MarkObjects: 1.877100 ms  DeleteObjects: 0.015900 ms)

========================================================================
Received Prepare
Registering precompiled user dll's ...
Registered in 0.001814 seconds.
Begin MonoManager ReloadAssembly
Native extension for WindowsStandalone target not found
Refreshing native plugins compatible for Editor in 0.71 ms, found 1 plugins.
Preloading 0 native plugins for Editor in 0.00 ms.
Invoked RoslynAnalysisRunner static constructor.
RoslynAnalysisRunner will not be running.
RoslynAnalysisRunner has terminated.
Mono: successfully reloaded assembly
- Completed reload, in  0.820 seconds
Platform modules already initialized, skipping
Refreshing native plugins compatible for Editor in 0.41 ms, found 1 plugins.
Preloading 0 native plugins for Editor in 0.00 ms.
Unloading 1792 Unused Serialized files (Serialized files now loaded: 0)
System memory in use before: 85.0 MB.
System memory in use after: 85.1 MB.

Unloading 7 unused Assets to reduce memory usage. Loaded Objects now: 2257.
Total: 2.720200 ms (FindLiveObjects: 0.208600 ms CreateObjectMapping: 0.069900 ms MarkObjects: 2.419300 ms  DeleteObjects: 0.020700 ms)

========================================================================
Received Import Request.
  Time since last request: 46.789807 seconds.
  path: ProjectSettings/TagManager.asset
  artifactKey: Guid(00000000000000003000000000000000) Importer(815301076,1909f56bfc062723c751e8b465ee728b)
Start importing ProjectSettings/TagManager.asset using Guid(00000000000000003000000000000000) Importer(815301076,1909f56bfc062723c751e8b465ee728b)  -> (artifact id: '022e210b9b06e1c30feed9f86beb7bfb') in 0.023129 seconds
  Import took 0.026744 seconds .

========================================================================
Received Prepare
Registering precompiled user dll's ...
Registered in 0.001694 seconds.
Begin MonoManager ReloadAssembly
Native extension for WindowsStandalone target not found
Refreshing native plugins compatible for Editor in 0.43 ms, found 1 plugins.
Preloading 0 native plugins for Editor in 0.00 ms.
Invoked RoslynAnalysisRunner static constructor.
RoslynAnalysisRunner will not be running.
RoslynAnalysisRunner has terminated.
Mono: successfully reloaded assembly
- Completed reload, in  0.833 seconds
Platform modules already initialized, skipping
Refreshing native plugins compatible for Editor in 0.40 ms, found 1 plugins.
Preloading 0 native plugins for Editor in 0.00 ms.
Unloading 1792 Unused Serialized files (Serialized files now loaded: 0)
System memory in use before: 85.1 MB.
System memory in use after: 85.2 MB.

Unloading 8 unused Assets to reduce memory usage. Loaded Objects now: 2260.
Total: 2.305100 ms (FindLiveObjects: 0.312800 ms CreateObjectMapping: 0.150500 ms MarkObjects: 1.825000 ms  DeleteObjects: 0.014700 ms)

========================================================================
Received Import Request.
  Time since last request: 6.414612 seconds.
  path: ProjectSettings/TagManager.asset
  artifactKey: Guid(00000000000000003000000000000000) Importer(815301076,1909f56bfc062723c751e8b465ee728b)
Start importing ProjectSettings/TagManager.asset using Guid(00000000000000003000000000000000) Importer(815301076,1909f56bfc062723c751e8b465ee728b)  -> (artifact id: '8e4f0cbc79777b63fe38022e6ebe58a3') in 0.012825 seconds
  Import took 0.016599 seconds .

========================================================================
Received Prepare
Registering precompiled user dll's ...
Registered in 0.001776 seconds.
Begin MonoManager ReloadAssembly
Native extension for WindowsStandalone target not found
Refreshing native plugins compatible for Editor in 0.42 ms, found 1 plugins.
Preloading 0 native plugins for Editor in 0.00 ms.
Invoked RoslynAnalysisRunner static constructor.
RoslynAnalysisRunner will not be running.
RoslynAnalysisRunner has terminated.
Mono: successfully reloaded assembly
- Completed reload, in  0.851 seconds
Platform modules already initialized, skipping
Refreshing native plugins compatible for Editor in 0.59 ms, found 1 plugins.
Preloading 0 native plugins for Editor in 0.00 ms.
Unloading 1792 Unused Serialized files (Serialized files now loaded: 0)
System memory in use before: 85.2 MB.
System memory in use after: 85.3 MB.

Unloading 8 unused Assets to reduce memory usage. Loaded Objects now: 2263.
Total: 3.276500 ms (FindLiveObjects: 0.260900 ms CreateObjectMapping: 0.155700 ms MarkObjects: 2.836300 ms  DeleteObjects: 0.021100 ms)

========================================================================
Received Prepare
Registering precompiled user dll's ...
Registered in 0.001234 seconds.
Begin MonoManager ReloadAssembly
Native extension for WindowsStandalone target not found
Refreshing native plugins compatible for Editor in 0.58 ms, found 1 plugins.
Preloading 0 native plugins for Editor in 0.00 ms.
Invoked RoslynAnalysisRunner static constructor.
RoslynAnalysisRunner will not be running.
RoslynAnalysisRunner has terminated.
Mono: successfully reloaded assembly
- Completed reload, in  0.861 seconds
Platform modules already initialized, skipping
Refreshing native plugins compatible for Editor in 0.75 ms, found 1 plugins.
Preloading 0 native plugins for Editor in 0.00 ms.
Unloading 1792 Unused Serialized files (Serialized files now loaded: 0)
System memory in use before: 85.3 MB.
System memory in use after: 85.4 MB.

Unloading 7 unused Assets to reduce memory usage. Loaded Objects now: 2266.
Total: 2.215100 ms (FindLiveObjects: 0.260900 ms CreateObjectMapping: 0.141400 ms MarkObjects: 1.796500 ms  DeleteObjects: 0.014600 ms)

========================================================================
Received Prepare
Registering precompiled user dll's ...
Registered in 0.001408 seconds.
Begin MonoManager ReloadAssembly
Native extension for WindowsStandalone target not found
Refreshing native plugins compatible for Editor in 0.82 ms, found 1 plugins.
Preloading 0 native plugins for Editor in 0.00 ms.
Invoked RoslynAnalysisRunner static constructor.
RoslynAnalysisRunner will not be running.
RoslynAnalysisRunner has terminated.
Mono: successfully reloaded assembly
- Completed reload, in  1.230 seconds
Platform modules already initialized, skipping
Refreshing native plugins compatible for Editor in 1.21 ms, found 1 plugins.
Preloading 0 native plugins for Editor in 0.00 ms.
Unloading 1792 Unused Serialized files (Serialized files now loaded: 0)
System memory in use before: 85.4 MB.
System memory in use after: 85.5 MB.

Unloading 7 unused Assets to reduce memory usage. Loaded Objects now: 2269.
Total: 2.994400 ms (FindLiveObjects: 0.418800 ms CreateObjectMapping: 0.201100 ms MarkObjects: 2.323700 ms  DeleteObjects: 0.048400 ms)

========================================================================
Received Prepare
Registering precompiled user dll's ...
Registered in 0.001487 seconds.
Begin MonoManager ReloadAssembly
Native extension for WindowsStandalone target not found
Refreshing native plugins compatible for Editor in 0.39 ms, found 1 plugins.
Preloading 0 native plugins for Editor in 0.00 ms.
Invoked RoslynAnalysisRunner static constructor.
RoslynAnalysisRunner will not be running.
RoslynAnalysisRunner has terminated.
Mono: successfully reloaded assembly
- Completed reload, in  0.814 seconds
Platform modules already initialized, skipping
Refreshing native plugins compatible for Editor in 0.40 ms, found 1 plugins.
Preloading 0 native plugins for Editor in 0.00 ms.
Unloading 1792 Unused Serialized files (Serialized files now loaded: 0)
System memory in use before: 85.5 MB.
System memory in use after: 85.6 MB.

Unloading 7 unused Assets to reduce memory usage. Loaded Objects now: 2272.
Total: 2.092300 ms (FindLiveObjects: 0.245300 ms CreateObjectMapping: 0.136200 ms MarkObjects: 1.687700 ms  DeleteObjects: 0.021500 ms)

========================================================================
Received Import Request.
  Time since last request: 404.222505 seconds.
  path: Assets/Prefabs/Enemy.prefab
  artifactKey: Guid(e8b1d068df343e14a95123909391d5df) Importer(815301076,1909f56bfc062723c751e8b465ee728b)
Start importing Assets/Prefabs/Enemy.prefab using Guid(e8b1d068df343e14a95123909391d5df) Importer(815301076,1909f56bfc062723c751e8b465ee728b)  -> (artifact id: 'beba68a42235b63139638e2d04f8a0f1') in 0.156954 seconds
  Import took 0.160658 seconds .

========================================================================
Received Prepare
Registering precompiled user dll's ...
Registered in 0.002480 seconds.
Begin MonoManager ReloadAssembly
Native extension for WindowsStandalone target not found
Refreshing native plugins compatible for Editor in 0.53 ms, found 1 plugins.
Preloading 0 native plugins for Editor in 0.00 ms.
Invoked RoslynAnalysisRunner static constructor.
RoslynAnalysisRunner will not be running.
RoslynAnalysisRunner has terminated.
Mono: successfully reloaded assembly
- Completed reload, in  1.054 seconds
Platform modules already initialized, skipping
Refreshing native plugins compatible for Editor in 0.65 ms, found 1 plugins.
Preloading 0 native plugins for Editor in 0.00 ms.
Unloading 1792 Unused Serialized files (Serialized files now loaded: 0)
System memory in use before: 88.5 MB.
System memory in use after: 88.6 MB.

Unloading 7 unused Assets to reduce memory usage. Loaded Objects now: 2282.
Total: 3.758500 ms (FindLiveObjects: 0.563800 ms CreateObjectMapping: 0.199300 ms MarkObjects: 2.971700 ms  DeleteObjects: 0.021100 ms)

========================================================================
Received Prepare
Registering precompiled user dll's ...
Registered in 0.001661 seconds.
Begin MonoManager ReloadAssembly
Native extension for WindowsStandalone target not found
Refreshing native plugins compatible for Editor in 0.47 ms, found 1 plugins.
Preloading 0 native plugins for Editor in 0.00 ms.
Invoked RoslynAnalysisRunner static constructor.
RoslynAnalysisRunner will not be running.
RoslynAnalysisRunner has terminated.
Mono: successfully reloaded assembly
- Completed reload, in  0.975 seconds
Platform modules already initialized, skipping
Refreshing native plugins compatible for Editor in 2.23 ms, found 1 plugins.
Preloading 0 native plugins for Editor in 0.00 ms.
Unloading 1792 Unused Serialized files (Serialized files now loaded: 0)
System memory in use before: 88.6 MB.
System memory in use after: 88.7 MB.

Unloading 7 unused Assets to reduce memory usage. Loaded Objects now: 2285.
Total: 3.991300 ms (FindLiveObjects: 0.465200 ms CreateObjectMapping: 0.175900 ms MarkObjects: 3.326600 ms  DeleteObjects: 0.021900 ms)

========================================================================
Received Prepare
Registering precompiled user dll's ...
Registered in 0.001395 seconds.
Begin MonoManager ReloadAssembly
Native extension for WindowsStandalone target not found
Refreshing native plugins compatible for Editor in 0.42 ms, found 1 plugins.
Preloading 0 native plugins for Editor in 0.00 ms.
Invoked RoslynAnalysisRunner static constructor.
RoslynAnalysisRunner will not be running.
RoslynAnalysisRunner has terminated.
Mono: successfully reloaded assembly
- Completed reload, in  1.018 seconds
Platform modules already initialized, skipping
Refreshing native plugins compatible for Editor in 0.43 ms, found 1 plugins.
Preloading 0 native plugins for Editor in 0.00 ms.
Unloading 1792 Unused Serialized files (Serialized files now loaded: 0)
System memory in use before: 88.6 MB.
System memory in use after: 88.8 MB.

Unloading 7 unused Assets to reduce memory usage. Loaded Objects now: 2288.
Total: 3.869100 ms (FindLiveObjects: 0.569800 ms CreateObjectMapping: 0.207500 ms MarkObjects: 3.053400 ms  DeleteObjects: 0.035500 ms)

========================================================================
Received Import Request.
  Time since last request: 163.162141 seconds.
  path: Assets/Scenes/JakeTestScene.unity
  artifactKey: Guid(e6bd7785c9b6560458f49f19646e2207) Importer(815301076,1909f56bfc062723c751e8b465ee728b)
Start importing Assets/Scenes/JakeTestScene.unity using Guid(e6bd7785c9b6560458f49f19646e2207) Importer(815301076,1909f56bfc062723c751e8b465ee728b)  -> (artifact id: '14a60f0e4e8d60190c1cb0924b6feadb') in 0.019013 seconds
  Import took 0.024292 seconds .

