Using pre-set license
Built from '2020.2/release' branch; Version is '2020.2.1f1 (270dd8c3da1c) revision 2559448'; Using compiler version '192528614'; Build Type 'Release'
OS: 'Windows 10  (10.0.0) 64bit' Language: 'en' Physical Memory: 16326 MB
BatchMode: 1, IsHumanControllingUs: 0, StartBugReporterOnCrash: 0, Is64bit: 1, IsPro: 0

 COMMAND LINE ARGUMENTS:
E:\Game making\Unity\Unity\Hub\Editor\2020.2.1f1\Editor\Unity.exe
-adb2
-batchMode
-noUpm
-name
AssetImportWorker0
-projectPath
E:/PROJECTS/AET Tech Art Projects/Project 5 Dungeon/Tech-Art-Project-5-Dungeon
-logFile
Logs/AssetImportWorker0.log
-srvPort
1505
Successfully changed project path to: E:/PROJECTS/AET Tech Art Projects/Project 5 Dungeon/Tech-Art-Project-5-Dungeon
E:/PROJECTS/AET Tech Art Projects/Project 5 Dungeon/Tech-Art-Project-5-Dungeon
Using Asset Import Pipeline V2.
Refreshing native plugins compatible for Editor in 45.57 ms, found 1 plugins.
Preloading 0 native plugins for Editor in 0.00 ms.
Initialize engine version: 2020.2.1f1 (270dd8c3da1c)
[Subsystems] Discovering subsystems at path E:/Game making/Unity/Unity/Hub/Editor/2020.2.1f1/Editor/Data/Resources/UnitySubsystems
[Subsystems] Discovering subsystems at path E:/PROJECTS/AET Tech Art Projects/Project 5 Dungeon/Tech-Art-Project-5-Dungeon/Assets
GfxDevice: creating device client; threaded=0
Direct3D:
    Version:  Direct3D 11.0 [level 11.1]
    Renderer: NVIDIA GeForce GTX 1060 3GB (ID=0x1c02)
    Vendor:   
    VRAM:     2988 MB
    Driver:   27.21.14.5671
Initialize mono
Mono path[0] = 'E:/Game making/Unity/Unity/Hub/Editor/2020.2.1f1/Editor/Data/Managed'
Mono path[1] = 'E:/Game making/Unity/Unity/Hub/Editor/2020.2.1f1/Editor/Data/MonoBleedingEdge/lib/mono/unityjit'
Mono config path = 'E:/Game making/Unity/Unity/Hub/Editor/2020.2.1f1/Editor/Data/MonoBleedingEdge/etc'
Using monoOptions --debugger-agent=transport=dt_socket,embedding=1,server=y,suspend=n,address=127.0.0.1:56000
Begin MonoManager ReloadAssembly
Registering precompiled unity dll's ...
Register platform support module: E:/Game making/Unity/Unity/Hub/Editor/2020.2.1f1/Editor/Data/PlaybackEngines/WindowsStandaloneSupport/UnityEditor.WindowsStandalone.Extensions.dll
Registered in 0.001408 seconds.
Native extension for WindowsStandalone target not found
Refreshing native plugins compatible for Editor in 37.25 ms, found 1 plugins.
Preloading 0 native plugins for Editor in 0.00 ms.
Invoked RoslynAnalysisRunner static constructor.
RoslynAnalysisRunner will not be running.
RoslynAnalysisRunner has terminated.
Mono: successfully reloaded assembly
- Completed reload, in  1.602 seconds
Platform modules already initialized, skipping
Registering precompiled user dll's ...
Registered in 0.001399 seconds.
Begin MonoManager ReloadAssembly
Native extension for WindowsStandalone target not found
Refreshing native plugins compatible for Editor in 39.33 ms, found 1 plugins.
Preloading 0 native plugins for Editor in 0.00 ms.
Invoked RoslynAnalysisRunner static constructor.
RoslynAnalysisRunner will not be running.
RoslynAnalysisRunner has terminated.
Mono: successfully reloaded assembly
- Completed reload, in  1.019 seconds
Platform modules already initialized, skipping
========================================================================
Worker process is ready to serve import requests
Launched and connected shader compiler UnityShaderCompiler.exe after 0.06 seconds
Refreshing native plugins compatible for Editor in 1.33 ms, found 1 plugins.
Preloading 0 native plugins for Editor in 0.00 ms.
Unloading 1802 Unused Serialized files (Serialized files now loaded: 0)
System memory in use before: 84.6 MB.
System memory in use after: 84.7 MB.

Unloading 19 unused Assets to reduce memory usage. Loaded Objects now: 2248.
Total: 2.205600 ms (FindLiveObjects: 0.177800 ms CreateObjectMapping: 0.063000 ms MarkObjects: 1.914700 ms  DeleteObjects: 0.049200 ms)

========================================================================
Received Import Request.
  path: Assets/Prefabs/Enemy.prefab
  artifactKey: Guid(e8b1d068df343e14a95123909391d5df) Importer(815301076,1909f56bfc062723c751e8b465ee728b)
Start importing Assets/Prefabs/Enemy.prefab using Guid(e8b1d068df343e14a95123909391d5df) Importer(815301076,1909f56bfc062723c751e8b465ee728b)  -> (artifact id: 'da4f8493bb9f2e1cdc75afe6a715d1c6') in 0.121478 seconds
  Import took 0.125671 seconds .

========================================================================
Received Import Request.
  Time since last request: 0.048574 seconds.
  path: Assets/Prefabs/Enemy.prefab
  artifactKey: Guid(e8b1d068df343e14a95123909391d5df) Importer(815301076,1909f56bfc062723c751e8b465ee728b)
Start importing Assets/Prefabs/Enemy.prefab using Guid(e8b1d068df343e14a95123909391d5df) Importer(815301076,1909f56bfc062723c751e8b465ee728b)  -> (artifact id: 'da4f8493bb9f2e1cdc75afe6a715d1c6') in 0.009335 seconds
  Import took 0.013284 seconds .

========================================================================
Received Prepare
Registering precompiled user dll's ...
Registered in 0.001252 seconds.
Begin MonoManager ReloadAssembly
Native extension for WindowsStandalone target not found
Refreshing native plugins compatible for Editor in 0.41 ms, found 1 plugins.
Preloading 0 native plugins for Editor in 0.00 ms.
Invoked RoslynAnalysisRunner static constructor.
RoslynAnalysisRunner will not be running.
RoslynAnalysisRunner has terminated.
Mono: successfully reloaded assembly
- Completed reload, in  0.997 seconds
Platform modules already initialized, skipping
Refreshing native plugins compatible for Editor in 0.47 ms, found 1 plugins.
Preloading 0 native plugins for Editor in 0.00 ms.
Unloading 1792 Unused Serialized files (Serialized files now loaded: 0)
System memory in use before: 87.4 MB.
System memory in use after: 87.5 MB.

Unloading 7 unused Assets to reduce memory usage. Loaded Objects now: 2258.
Total: 1.742600 ms (FindLiveObjects: 0.204600 ms CreateObjectMapping: 0.058200 ms MarkObjects: 1.462900 ms  DeleteObjects: 0.015800 ms)

========================================================================
Received Prepare
Registering precompiled user dll's ...
Registered in 0.001406 seconds.
Begin MonoManager ReloadAssembly
Native extension for WindowsStandalone target not found
Refreshing native plugins compatible for Editor in 0.41 ms, found 1 plugins.
Preloading 0 native plugins for Editor in 0.00 ms.
Invoked RoslynAnalysisRunner static constructor.
RoslynAnalysisRunner will not be running.
RoslynAnalysisRunner has terminated.
Mono: successfully reloaded assembly
- Completed reload, in  0.897 seconds
Platform modules already initialized, skipping
Refreshing native plugins compatible for Editor in 0.82 ms, found 1 plugins.
Preloading 0 native plugins for Editor in 0.00 ms.
Unloading 1792 Unused Serialized files (Serialized files now loaded: 0)
System memory in use before: 87.6 MB.
System memory in use after: 87.7 MB.

Unloading 7 unused Assets to reduce memory usage. Loaded Objects now: 2261.
Total: 2.409700 ms (FindLiveObjects: 0.427800 ms CreateObjectMapping: 0.175600 ms MarkObjects: 1.784500 ms  DeleteObjects: 0.020700 ms)

========================================================================
Received Import Request.
  Time since last request: 556.017894 seconds.
  path: Assets/TilePalettes/EnvironmentTilemap.prefab
  artifactKey: Guid(08bde10164505a54c8bf362cca7ed699) Importer(815301076,1909f56bfc062723c751e8b465ee728b)
Start importing Assets/TilePalettes/EnvironmentTilemap.prefab using Guid(08bde10164505a54c8bf362cca7ed699) Importer(815301076,1909f56bfc062723c751e8b465ee728b)  -> (artifact id: '5a005a255228fdd571413ec7109b6b9c') in 0.045927 seconds
  Import took 0.051237 seconds .

========================================================================
Received Prepare
Registering precompiled user dll's ...
Registered in 0.001370 seconds.
Begin MonoManager ReloadAssembly
Native extension for WindowsStandalone target not found
Refreshing native plugins compatible for Editor in 0.42 ms, found 1 plugins.
Preloading 0 native plugins for Editor in 0.00 ms.
Invoked RoslynAnalysisRunner static constructor.
RoslynAnalysisRunner will not be running.
RoslynAnalysisRunner has terminated.
Mono: successfully reloaded assembly
- Completed reload, in  0.915 seconds
Platform modules already initialized, skipping
Refreshing native plugins compatible for Editor in 0.58 ms, found 1 plugins.
Preloading 0 native plugins for Editor in 0.00 ms.
Unloading 1792 Unused Serialized files (Serialized files now loaded: 0)
System memory in use before: 87.9 MB.
System memory in use after: 88.1 MB.

Unloading 7 unused Assets to reduce memory usage. Loaded Objects now: 2264.
Total: 2.181300 ms (FindLiveObjects: 0.375600 ms CreateObjectMapping: 0.156500 ms MarkObjects: 1.632400 ms  DeleteObjects: 0.015600 ms)

========================================================================
Received Prepare
Registering precompiled user dll's ...
Registered in 0.001302 seconds.
Begin MonoManager ReloadAssembly
Native extension for WindowsStandalone target not found
Refreshing native plugins compatible for Editor in 0.41 ms, found 1 plugins.
Preloading 0 native plugins for Editor in 0.00 ms.
Invoked RoslynAnalysisRunner static constructor.
RoslynAnalysisRunner will not be running.
RoslynAnalysisRunner has terminated.
Mono: successfully reloaded assembly
- Completed reload, in  0.799 seconds
Platform modules already initialized, skipping
Refreshing native plugins compatible for Editor in 0.48 ms, found 1 plugins.
Preloading 0 native plugins for Editor in 0.00 ms.
Unloading 1792 Unused Serialized files (Serialized files now loaded: 0)
System memory in use before: 88.1 MB.
System memory in use after: 88.2 MB.

Unloading 7 unused Assets to reduce memory usage. Loaded Objects now: 2267.
Total: 1.905600 ms (FindLiveObjects: 0.280300 ms CreateObjectMapping: 0.156200 ms MarkObjects: 1.446600 ms  DeleteObjects: 0.021100 ms)

========================================================================
Received Import Request.
  Time since last request: 72.696197 seconds.
  path: Assets/Scripts
  artifactKey: Guid(1858bfa4694cf644fa51edb821309e74) Importer(815301076,1909f56bfc062723c751e8b465ee728b)
Start importing Assets/Scripts using Guid(1858bfa4694cf644fa51edb821309e74) Importer(815301076,1909f56bfc062723c751e8b465ee728b)  -> (artifact id: '414b93a2a5ae53c17fb9d44599f426b7') in 0.012462 seconds
  Import took 0.016051 seconds .

========================================================================
Received Import Request.
  Time since last request: 1.667057 seconds.
  path: Assets/Scripts/Room.cs
  artifactKey: Guid(d5d23c533485a6b4d8671e0e7579afb3) Importer(815301076,1909f56bfc062723c751e8b465ee728b)
Start importing Assets/Scripts/Room.cs using Guid(d5d23c533485a6b4d8671e0e7579afb3) Importer(815301076,1909f56bfc062723c751e8b465ee728b)  -> (artifact id: '18de5e7b400a2c16e868aa79d1f20632') in 0.012878 seconds
  Import took 0.016508 seconds .

========================================================================
Received Import Request.
  Time since last request: 0.019595 seconds.
  path: Assets/Scripts/Room.cs
  artifactKey: Guid(d5d23c533485a6b4d8671e0e7579afb3) Importer(815301076,1909f56bfc062723c751e8b465ee728b)
Start importing Assets/Scripts/Room.cs using Guid(d5d23c533485a6b4d8671e0e7579afb3) Importer(815301076,1909f56bfc062723c751e8b465ee728b)  -> (artifact id: '18de5e7b400a2c16e868aa79d1f20632') in 0.002581 seconds
  Import took 0.006660 seconds .

========================================================================
Received Import Request.
  Time since last request: 0.989911 seconds.
  path: Assets/Scripts/EnterDoor.cs
  artifactKey: Guid(cc643c260e6dfb1459babff79586c887) Importer(815301076,1909f56bfc062723c751e8b465ee728b)
Start importing Assets/Scripts/EnterDoor.cs using Guid(cc643c260e6dfb1459babff79586c887) Importer(815301076,1909f56bfc062723c751e8b465ee728b)  -> (artifact id: 'efe6bd29a58f93d9d6c5751d926a006e') in 0.014116 seconds
  Import took 0.018045 seconds .

========================================================================
Received Prepare
Registering precompiled user dll's ...
Registered in 0.001929 seconds.
Begin MonoManager ReloadAssembly
Native extension for WindowsStandalone target not found
Refreshing native plugins compatible for Editor in 0.47 ms, found 1 plugins.
Preloading 0 native plugins for Editor in 0.00 ms.
Invoked RoslynAnalysisRunner static constructor.
RoslynAnalysisRunner will not be running.
RoslynAnalysisRunner has terminated.
Mono: successfully reloaded assembly
- Completed reload, in  0.829 seconds
Platform modules already initialized, skipping
Refreshing native plugins compatible for Editor in 0.40 ms, found 1 plugins.
Preloading 0 native plugins for Editor in 0.00 ms.
Unloading 1792 Unused Serialized files (Serialized files now loaded: 0)
System memory in use before: 88.2 MB.
System memory in use after: 88.3 MB.

Unloading 7 unused Assets to reduce memory usage. Loaded Objects now: 2270.
Total: 1.750200 ms (FindLiveObjects: 0.240900 ms CreateObjectMapping: 0.128500 ms MarkObjects: 1.366700 ms  DeleteObjects: 0.013000 ms)

========================================================================
Received Prepare
Registering precompiled user dll's ...
Registered in 0.001277 seconds.
Begin MonoManager ReloadAssembly
Native extension for WindowsStandalone target not found
Refreshing native plugins compatible for Editor in 1.88 ms, found 1 plugins.
Preloading 0 native plugins for Editor in 0.00 ms.
Invoked RoslynAnalysisRunner static constructor.
RoslynAnalysisRunner will not be running.
RoslynAnalysisRunner has terminated.
Mono: successfully reloaded assembly
- Completed reload, in  1.052 seconds
Platform modules already initialized, skipping
Refreshing native plugins compatible for Editor in 0.89 ms, found 1 plugins.
Preloading 0 native plugins for Editor in 0.00 ms.
Unloading 1792 Unused Serialized files (Serialized files now loaded: 0)
System memory in use before: 88.3 MB.
System memory in use after: 88.4 MB.

Unloading 7 unused Assets to reduce memory usage. Loaded Objects now: 2273.
Total: 47.163700 ms (FindLiveObjects: 4.080000 ms CreateObjectMapping: 0.399300 ms MarkObjects: 42.638600 ms  DeleteObjects: 0.042100 ms)

========================================================================
Received Import Request.
  Time since last request: 235.574899 seconds.
  path: Assets/Resources/Room_E.prefab
  artifactKey: Guid(d6fcabe1c36c6244e9cb50d11bdee192) Importer(815301076,1909f56bfc062723c751e8b465ee728b)
Start importing Assets/Resources/Room_E.prefab using Guid(d6fcabe1c36c6244e9cb50d11bdee192) Importer(815301076,1909f56bfc062723c751e8b465ee728b)  -> (artifact id: 'bf457ec3c280c754a6f73ae2f26bff3f') in 0.042574 seconds
  Import took 0.047101 seconds .

========================================================================
Received Import Request.
  Time since last request: 6.405936 seconds.
  path: Assets/Resources/Room_E.prefab
  artifactKey: Guid(d6fcabe1c36c6244e9cb50d11bdee192) Importer(815301076,1909f56bfc062723c751e8b465ee728b)
Start importing Assets/Resources/Room_E.prefab using Guid(d6fcabe1c36c6244e9cb50d11bdee192) Importer(815301076,1909f56bfc062723c751e8b465ee728b)  -> (artifact id: '547a9cf90bea0c0798d354f5701d8804') in 0.005362 seconds
  Import took 0.011877 seconds .

========================================================================
Received Import Request.
  Time since last request: 4.004917 seconds.
  path: Assets/Resources/Room_E.prefab
  artifactKey: Guid(d6fcabe1c36c6244e9cb50d11bdee192) Importer(815301076,1909f56bfc062723c751e8b465ee728b)
Start importing Assets/Resources/Room_E.prefab using Guid(d6fcabe1c36c6244e9cb50d11bdee192) Importer(815301076,1909f56bfc062723c751e8b465ee728b)  -> (artifact id: '05a9f565c459fca04dccafbf43c16f14') in 0.005226 seconds
  Import took 0.009174 seconds .

========================================================================
Received Import Request.
  Time since last request: 17.977843 seconds.
  path: Assets/Resources/Room_E.prefab
  artifactKey: Guid(d6fcabe1c36c6244e9cb50d11bdee192) Importer(815301076,1909f56bfc062723c751e8b465ee728b)
Start importing Assets/Resources/Room_E.prefab using Guid(d6fcabe1c36c6244e9cb50d11bdee192) Importer(815301076,1909f56bfc062723c751e8b465ee728b)  -> (artifact id: '176c3de371eacbf7ee68f50896d55144') in 0.005158 seconds
  Import took 0.009914 seconds .

========================================================================
Received Import Request.
  Time since last request: 3.241357 seconds.
  path: Assets/Resources/Room_E.prefab
  artifactKey: Guid(d6fcabe1c36c6244e9cb50d11bdee192) Importer(815301076,1909f56bfc062723c751e8b465ee728b)
Start importing Assets/Resources/Room_E.prefab using Guid(d6fcabe1c36c6244e9cb50d11bdee192) Importer(815301076,1909f56bfc062723c751e8b465ee728b)  -> (artifact id: '8dc1fdc8c8a7902984d383fc3f2287bd') in 0.005545 seconds
  Import took 0.010397 seconds .

========================================================================
Received Import Request.
  Time since last request: 8.270635 seconds.
  path: Assets/Resources/Room_E.prefab
  artifactKey: Guid(d6fcabe1c36c6244e9cb50d11bdee192) Importer(815301076,1909f56bfc062723c751e8b465ee728b)
Start importing Assets/Resources/Room_E.prefab using Guid(d6fcabe1c36c6244e9cb50d11bdee192) Importer(815301076,1909f56bfc062723c751e8b465ee728b)  -> (artifact id: 'e382c877633664dfc328e7715592a43b') in 0.006822 seconds
  Import took 0.011453 seconds .

========================================================================
Received Import Request.
  Time since last request: 2.422233 seconds.
  path: Assets/Resources/Room_E.prefab
  artifactKey: Guid(d6fcabe1c36c6244e9cb50d11bdee192) Importer(815301076,1909f56bfc062723c751e8b465ee728b)
Start importing Assets/Resources/Room_E.prefab using Guid(d6fcabe1c36c6244e9cb50d11bdee192) Importer(815301076,1909f56bfc062723c751e8b465ee728b)  -> (artifact id: 'f67bcdc3f377f393713feb2d1ecb0c40') in 0.005694 seconds
  Import took 0.010431 seconds .

========================================================================
Received Import Request.
  Time since last request: 6.453295 seconds.
  path: Assets/Resources/Room_E.prefab
  artifactKey: Guid(d6fcabe1c36c6244e9cb50d11bdee192) Importer(815301076,1909f56bfc062723c751e8b465ee728b)
Start importing Assets/Resources/Room_E.prefab using Guid(d6fcabe1c36c6244e9cb50d11bdee192) Importer(815301076,1909f56bfc062723c751e8b465ee728b)  -> (artifact id: '28e13fd9c7331751a928903699ae01e9') in 0.005926 seconds
  Import took 0.010549 seconds .

========================================================================
Received Import Request.
  Time since last request: 17.730118 seconds.
  path: Assets/Resources/Room_ES.prefab
  artifactKey: Guid(8b88c553e7668ae42a1f190b5e3fbc1f) Importer(815301076,1909f56bfc062723c751e8b465ee728b)
Start importing Assets/Resources/Room_ES.prefab using Guid(8b88c553e7668ae42a1f190b5e3fbc1f) Importer(815301076,1909f56bfc062723c751e8b465ee728b)  -> (artifact id: '16488e2397c0f47a7d71971818356484') in 0.013443 seconds
  Import took 0.017581 seconds .

========================================================================
Received Import Request.
  Time since last request: 0.819388 seconds.
  path: Assets/Resources/Room_ES.prefab
  artifactKey: Guid(8b88c553e7668ae42a1f190b5e3fbc1f) Importer(815301076,1909f56bfc062723c751e8b465ee728b)
Start importing Assets/Resources/Room_ES.prefab using Guid(8b88c553e7668ae42a1f190b5e3fbc1f) Importer(815301076,1909f56bfc062723c751e8b465ee728b)  -> (artifact id: '8ce64e7976774a5302c0a17f4bfa0011') in 0.005946 seconds
  Import took 0.011239 seconds .

========================================================================
Received Import Request.
  Time since last request: 6.491508 seconds.
  path: Assets/Resources/Room_ES.prefab
  artifactKey: Guid(8b88c553e7668ae42a1f190b5e3fbc1f) Importer(815301076,1909f56bfc062723c751e8b465ee728b)
Start importing Assets/Resources/Room_ES.prefab using Guid(8b88c553e7668ae42a1f190b5e3fbc1f) Importer(815301076,1909f56bfc062723c751e8b465ee728b)  -> (artifact id: '1afdfcc5e42f3f88556ef8af2f5d907e') in 0.006384 seconds
  Import took 0.010749 seconds .

========================================================================
Received Import Request.
  Time since last request: 5.816843 seconds.
  path: Assets/Resources/Room_ESW.prefab
  artifactKey: Guid(87c82cad97b718c48964cb10e2d46316) Importer(815301076,1909f56bfc062723c751e8b465ee728b)
Start importing Assets/Resources/Room_ESW.prefab using Guid(87c82cad97b718c48964cb10e2d46316) Importer(815301076,1909f56bfc062723c751e8b465ee728b)  -> (artifact id: '6f0437f45b7c9ab4fdc97621ed141c15') in 0.004557 seconds
  Import took 0.009018 seconds .

========================================================================
Received Import Request.
  Time since last request: 1.397178 seconds.
  path: Assets/Resources/Room_ESW.prefab
  artifactKey: Guid(87c82cad97b718c48964cb10e2d46316) Importer(815301076,1909f56bfc062723c751e8b465ee728b)
Start importing Assets/Resources/Room_ESW.prefab using Guid(87c82cad97b718c48964cb10e2d46316) Importer(815301076,1909f56bfc062723c751e8b465ee728b)  -> (artifact id: '50ba01c98f145318c1d05a7a3012ba75') in 0.006595 seconds
  Import took 0.011569 seconds .

========================================================================
Received Import Request.
  Time since last request: 5.810905 seconds.
  path: Assets/Resources/Room_N.prefab
  artifactKey: Guid(9f28caeec4e9cbc4a94cef60be6e40ed) Importer(815301076,1909f56bfc062723c751e8b465ee728b)
Start importing Assets/Resources/Room_N.prefab using Guid(9f28caeec4e9cbc4a94cef60be6e40ed) Importer(815301076,1909f56bfc062723c751e8b465ee728b)  -> (artifact id: 'be527c769781d1172d2997534b709828') in 0.013041 seconds
  Import took 0.017834 seconds .

========================================================================
Received Import Request.
  Time since last request: 0.234906 seconds.
  path: Assets/Resources/Room_N.prefab
  artifactKey: Guid(9f28caeec4e9cbc4a94cef60be6e40ed) Importer(815301076,1909f56bfc062723c751e8b465ee728b)
Start importing Assets/Resources/Room_N.prefab using Guid(9f28caeec4e9cbc4a94cef60be6e40ed) Importer(815301076,1909f56bfc062723c751e8b465ee728b)  -> (artifact id: '5ef3bca228588522e4aaa9913a5b5bdf') in 0.007124 seconds
  Import took 0.012709 seconds .

========================================================================
Received Import Request.
  Time since last request: 2.981031 seconds.
  path: Assets/Resources/Room_NE.prefab
  artifactKey: Guid(745bbf68ecb3ef84c9915c92c11cfe3e) Importer(815301076,1909f56bfc062723c751e8b465ee728b)
Start importing Assets/Resources/Room_NE.prefab using Guid(745bbf68ecb3ef84c9915c92c11cfe3e) Importer(815301076,1909f56bfc062723c751e8b465ee728b)  -> (artifact id: 'fdaefb16aa2f01edd1caa90acb8bf2e1') in 0.015427 seconds
  Import took 0.020179 seconds .

========================================================================
Received Import Request.
  Time since last request: 0.008013 seconds.
  path: Assets/Resources/Room_NE.prefab
  artifactKey: Guid(745bbf68ecb3ef84c9915c92c11cfe3e) Importer(815301076,1909f56bfc062723c751e8b465ee728b)
Start importing Assets/Resources/Room_NE.prefab using Guid(745bbf68ecb3ef84c9915c92c11cfe3e) Importer(815301076,1909f56bfc062723c751e8b465ee728b)  -> (artifact id: 'fdaefb16aa2f01edd1caa90acb8bf2e1') in 0.005324 seconds
  Import took 0.009661 seconds .

========================================================================
Received Import Request.
  Time since last request: 0.176909 seconds.
  path: Assets/Resources/Room_NE.prefab
  artifactKey: Guid(745bbf68ecb3ef84c9915c92c11cfe3e) Importer(815301076,1909f56bfc062723c751e8b465ee728b)
Start importing Assets/Resources/Room_NE.prefab using Guid(745bbf68ecb3ef84c9915c92c11cfe3e) Importer(815301076,1909f56bfc062723c751e8b465ee728b)  -> (artifact id: 'b47eec1bd501f30578e3cdf8335fe5a6') in 0.006203 seconds
  Import took 0.011399 seconds .

========================================================================
Received Import Request.
  Time since last request: 5.606312 seconds.
  path: Assets/Resources/Room_EW.prefab
  artifactKey: Guid(2ba65fd0d9090cb48b49a201726bd51c) Importer(815301076,1909f56bfc062723c751e8b465ee728b)
Start importing Assets/Resources/Room_EW.prefab using Guid(2ba65fd0d9090cb48b49a201726bd51c) Importer(815301076,1909f56bfc062723c751e8b465ee728b)  -> (artifact id: '7938a94a88f73c4dac37646a6c232b00') in 0.016164 seconds
  Import took 0.021267 seconds .

========================================================================
Received Import Request.
  Time since last request: 0.007417 seconds.
  path: Assets/Resources/Room_EW.prefab
  artifactKey: Guid(2ba65fd0d9090cb48b49a201726bd51c) Importer(815301076,1909f56bfc062723c751e8b465ee728b)
Start importing Assets/Resources/Room_EW.prefab using Guid(2ba65fd0d9090cb48b49a201726bd51c) Importer(815301076,1909f56bfc062723c751e8b465ee728b)  -> (artifact id: '7938a94a88f73c4dac37646a6c232b00') in 0.005830 seconds
  Import took 0.009842 seconds .

========================================================================
Received Import Request.
  Time since last request: 0.198611 seconds.
  path: Assets/Resources/Room_EW.prefab
  artifactKey: Guid(2ba65fd0d9090cb48b49a201726bd51c) Importer(815301076,1909f56bfc062723c751e8b465ee728b)
Start importing Assets/Resources/Room_EW.prefab using Guid(2ba65fd0d9090cb48b49a201726bd51c) Importer(815301076,1909f56bfc062723c751e8b465ee728b)  -> (artifact id: 'de6d664af3d3991532ef60c9674c7ede') in 0.005929 seconds
  Import took 0.010138 seconds .

========================================================================
Received Import Request.
  Time since last request: 6.858029 seconds.
  path: Assets/Resources/Room_NES.prefab
  artifactKey: Guid(7a7a1ab42666824478ffc3614dc448d1) Importer(815301076,1909f56bfc062723c751e8b465ee728b)
Start importing Assets/Resources/Room_NES.prefab using Guid(7a7a1ab42666824478ffc3614dc448d1) Importer(815301076,1909f56bfc062723c751e8b465ee728b)  -> (artifact id: 'fecba224166b55cdbcc20114f116d6a5') in 0.013695 seconds
  Import took 0.018558 seconds .

========================================================================
Received Import Request.
  Time since last request: 0.008309 seconds.
  path: Assets/Resources/Room_NES.prefab
  artifactKey: Guid(7a7a1ab42666824478ffc3614dc448d1) Importer(815301076,1909f56bfc062723c751e8b465ee728b)
Start importing Assets/Resources/Room_NES.prefab using Guid(7a7a1ab42666824478ffc3614dc448d1) Importer(815301076,1909f56bfc062723c751e8b465ee728b)  -> (artifact id: 'fecba224166b55cdbcc20114f116d6a5') in 0.006830 seconds
  Import took 0.012198 seconds .

========================================================================
Received Import Request.
  Time since last request: 0.182017 seconds.
  path: Assets/Resources/Room_NES.prefab
  artifactKey: Guid(7a7a1ab42666824478ffc3614dc448d1) Importer(815301076,1909f56bfc062723c751e8b465ee728b)
Start importing Assets/Resources/Room_NES.prefab using Guid(7a7a1ab42666824478ffc3614dc448d1) Importer(815301076,1909f56bfc062723c751e8b465ee728b)  -> (artifact id: '2eaf44f6264215af2c2a145d759a7412') in 0.006748 seconds
  Import took 0.011125 seconds .

========================================================================
Received Import Request.
  Time since last request: 2.985402 seconds.
  path: Assets/Resources/Room_NEW.prefab
  artifactKey: Guid(9b088b306ea8b5f4fb5dc05fa916724a) Importer(815301076,1909f56bfc062723c751e8b465ee728b)
Start importing Assets/Resources/Room_NEW.prefab using Guid(9b088b306ea8b5f4fb5dc05fa916724a) Importer(815301076,1909f56bfc062723c751e8b465ee728b)  -> (artifact id: '73ac0c7487302710517eb2bfa1e91602') in 0.015114 seconds
  Import took 0.020231 seconds .

========================================================================
Received Import Request.
  Time since last request: 0.012524 seconds.
  path: Assets/Resources/Room_NEW.prefab
  artifactKey: Guid(9b088b306ea8b5f4fb5dc05fa916724a) Importer(815301076,1909f56bfc062723c751e8b465ee728b)
Start importing Assets/Resources/Room_NEW.prefab using Guid(9b088b306ea8b5f4fb5dc05fa916724a) Importer(815301076,1909f56bfc062723c751e8b465ee728b)  -> (artifact id: '73ac0c7487302710517eb2bfa1e91602') in 0.006119 seconds
  Import took 0.009791 seconds .

========================================================================
Received Import Request.
  Time since last request: 0.187851 seconds.
  path: Assets/Resources/Room_NEW.prefab
  artifactKey: Guid(9b088b306ea8b5f4fb5dc05fa916724a) Importer(815301076,1909f56bfc062723c751e8b465ee728b)
Start importing Assets/Resources/Room_NEW.prefab using Guid(9b088b306ea8b5f4fb5dc05fa916724a) Importer(815301076,1909f56bfc062723c751e8b465ee728b)  -> (artifact id: '285b1ccd93cb8005da104883b2645b04') in 0.007039 seconds
  Import took 0.011280 seconds .

========================================================================
Received Import Request.
  Time since last request: 4.000748 seconds.
  path: Assets/Resources/Room_NSW.prefab
  artifactKey: Guid(3931decfd61fc3c4c9a6e368e7eb316a) Importer(815301076,1909f56bfc062723c751e8b465ee728b)
Start importing Assets/Resources/Room_NSW.prefab using Guid(3931decfd61fc3c4c9a6e368e7eb316a) Importer(815301076,1909f56bfc062723c751e8b465ee728b)  -> (artifact id: '084c676c5938339028fb5e7b0d1a5dd9') in 0.018106 seconds
  Import took 0.022000 seconds .

========================================================================
Received Import Request.
  Time since last request: 0.015194 seconds.
  path: Assets/Resources/Room_NSW.prefab
  artifactKey: Guid(3931decfd61fc3c4c9a6e368e7eb316a) Importer(815301076,1909f56bfc062723c751e8b465ee728b)
Start importing Assets/Resources/Room_NSW.prefab using Guid(3931decfd61fc3c4c9a6e368e7eb316a) Importer(815301076,1909f56bfc062723c751e8b465ee728b)  -> (artifact id: '084c676c5938339028fb5e7b0d1a5dd9') in 0.004899 seconds
  Import took 0.008588 seconds .

========================================================================
Received Import Request.
  Time since last request: 0.187602 seconds.
  path: Assets/Resources/Room_NSW.prefab
  artifactKey: Guid(3931decfd61fc3c4c9a6e368e7eb316a) Importer(815301076,1909f56bfc062723c751e8b465ee728b)
Start importing Assets/Resources/Room_NSW.prefab using Guid(3931decfd61fc3c4c9a6e368e7eb316a) Importer(815301076,1909f56bfc062723c751e8b465ee728b)  -> (artifact id: 'f24b0a9a9222b0daf994cdf7441a7f5a') in 0.005279 seconds
  Import took 0.009428 seconds .

========================================================================
Received Import Request.
  Time since last request: 3.989311 seconds.
  path: Assets/Resources/Room_NS.prefab
  artifactKey: Guid(5d7d0a2cba9937a49b9742272310ea7c) Importer(815301076,1909f56bfc062723c751e8b465ee728b)
Start importing Assets/Resources/Room_NS.prefab using Guid(5d7d0a2cba9937a49b9742272310ea7c) Importer(815301076,1909f56bfc062723c751e8b465ee728b)  -> (artifact id: '870332b0c37e4b7dd2cc0f50b2f4db0a') in 0.004300 seconds
  Import took 0.007703 seconds .

========================================================================
Received Import Request.
  Time since last request: 0.222896 seconds.
  path: Assets/Resources/Room_NS.prefab
  artifactKey: Guid(5d7d0a2cba9937a49b9742272310ea7c) Importer(815301076,1909f56bfc062723c751e8b465ee728b)
Start importing Assets/Resources/Room_NS.prefab using Guid(5d7d0a2cba9937a49b9742272310ea7c) Importer(815301076,1909f56bfc062723c751e8b465ee728b)  -> (artifact id: 'ba8c24991ffce0caf40a87bf717a53d6') in 0.006261 seconds
  Import took 0.010481 seconds .

========================================================================
Received Import Request.
  Time since last request: 5.397347 seconds.
  path: Assets/Resources/Room_S.prefab
  artifactKey: Guid(79b3ecfdec8ca6149a523c846ed6837f) Importer(815301076,1909f56bfc062723c751e8b465ee728b)
Start importing Assets/Resources/Room_S.prefab using Guid(79b3ecfdec8ca6149a523c846ed6837f) Importer(815301076,1909f56bfc062723c751e8b465ee728b)  -> (artifact id: 'cc72edf852bcd8316751582b4757118c') in 0.009064 seconds
  Import took 0.013464 seconds .

========================================================================
Received Import Request.
  Time since last request: 0.216370 seconds.
  path: Assets/Resources/Room_S.prefab
  artifactKey: Guid(79b3ecfdec8ca6149a523c846ed6837f) Importer(815301076,1909f56bfc062723c751e8b465ee728b)
Start importing Assets/Resources/Room_S.prefab using Guid(79b3ecfdec8ca6149a523c846ed6837f) Importer(815301076,1909f56bfc062723c751e8b465ee728b)  -> (artifact id: 'c8b24a71dfa636ee577696730cec2a9f') in 0.005978 seconds
  Import took 0.010405 seconds .

========================================================================
Received Import Request.
  Time since last request: 2.594977 seconds.
  path: Assets/Resources/Room_SW.prefab
  artifactKey: Guid(08d7232682a3f9b43af7d5f2a2ce7179) Importer(815301076,1909f56bfc062723c751e8b465ee728b)
Start importing Assets/Resources/Room_SW.prefab using Guid(08d7232682a3f9b43af7d5f2a2ce7179) Importer(815301076,1909f56bfc062723c751e8b465ee728b)  -> (artifact id: 'e70632cf884e736c416da2cb6e95d0be') in 0.007078 seconds
  Import took 0.011912 seconds .

========================================================================
Received Import Request.
  Time since last request: 0.619102 seconds.
  path: Assets/Resources/Room_SW.prefab
  artifactKey: Guid(08d7232682a3f9b43af7d5f2a2ce7179) Importer(815301076,1909f56bfc062723c751e8b465ee728b)
Start importing Assets/Resources/Room_SW.prefab using Guid(08d7232682a3f9b43af7d5f2a2ce7179) Importer(815301076,1909f56bfc062723c751e8b465ee728b)  -> (artifact id: '07e6eb36618c8c2f71059ade70fa8f47') in 0.006856 seconds
  Import took 0.011629 seconds .

========================================================================
Received Import Request.
  Time since last request: 2.816666 seconds.
  path: Assets/Resources/Room_W.prefab
  artifactKey: Guid(ff8a777e7f2d4cc44b8bc338f109814d) Importer(815301076,1909f56bfc062723c751e8b465ee728b)
Start importing Assets/Resources/Room_W.prefab using Guid(ff8a777e7f2d4cc44b8bc338f109814d) Importer(815301076,1909f56bfc062723c751e8b465ee728b)  -> (artifact id: 'f736aafd416fedaf52dab6207008135d') in 0.008951 seconds
  Import took 0.012657 seconds .

========================================================================
Received Import Request.
  Time since last request: 0.225628 seconds.
  path: Assets/Resources/Room_W.prefab
  artifactKey: Guid(ff8a777e7f2d4cc44b8bc338f109814d) Importer(815301076,1909f56bfc062723c751e8b465ee728b)
Start importing Assets/Resources/Room_W.prefab using Guid(ff8a777e7f2d4cc44b8bc338f109814d) Importer(815301076,1909f56bfc062723c751e8b465ee728b)  -> (artifact id: '8dceff7223e2e769ef9b41d2b38c5b48') in 0.005607 seconds
  Import took 0.010080 seconds .

========================================================================
Received Import Request.
  Time since last request: 4.796609 seconds.
  path: Assets/Resources/Room_NW.prefab
  artifactKey: Guid(079ebb9af937afe4e97fda94408821b6) Importer(815301076,1909f56bfc062723c751e8b465ee728b)
Start importing Assets/Resources/Room_NW.prefab using Guid(079ebb9af937afe4e97fda94408821b6) Importer(815301076,1909f56bfc062723c751e8b465ee728b)  -> (artifact id: '35377566e887d5aed5bd8dad06053296') in 0.010702 seconds
  Import took 0.014810 seconds .

========================================================================
Received Import Request.
  Time since last request: 0.013137 seconds.
  path: Assets/Resources/Room_NW.prefab
  artifactKey: Guid(079ebb9af937afe4e97fda94408821b6) Importer(815301076,1909f56bfc062723c751e8b465ee728b)
Start importing Assets/Resources/Room_NW.prefab using Guid(079ebb9af937afe4e97fda94408821b6) Importer(815301076,1909f56bfc062723c751e8b465ee728b)  -> (artifact id: '35377566e887d5aed5bd8dad06053296') in 0.005861 seconds
  Import took 0.010243 seconds .

========================================================================
Received Import Request.
  Time since last request: 0.229972 seconds.
  path: Assets/Resources/Room_NW.prefab
  artifactKey: Guid(079ebb9af937afe4e97fda94408821b6) Importer(815301076,1909f56bfc062723c751e8b465ee728b)
Start importing Assets/Resources/Room_NW.prefab using Guid(079ebb9af937afe4e97fda94408821b6) Importer(815301076,1909f56bfc062723c751e8b465ee728b)  -> (artifact id: 'fe156ef527176c22c8783a207bcd4b77') in 0.006227 seconds
  Import took 0.010780 seconds .

========================================================================
Received Import Request.
  Time since last request: 4.608081 seconds.
  path: Assets/Resources/Room_NESW.prefab
  artifactKey: Guid(2af4dce1e44c25044b9411658845ca1f) Importer(815301076,1909f56bfc062723c751e8b465ee728b)
Start importing Assets/Resources/Room_NESW.prefab using Guid(2af4dce1e44c25044b9411658845ca1f) Importer(815301076,1909f56bfc062723c751e8b465ee728b)  -> (artifact id: 'e94c44ce02a9a13acbf930754c87d894') in 0.010261 seconds
  Import took 0.014004 seconds .

========================================================================
Received Import Request.
  Time since last request: 0.416215 seconds.
  path: Assets/Resources/Room_NESW.prefab
  artifactKey: Guid(2af4dce1e44c25044b9411658845ca1f) Importer(815301076,1909f56bfc062723c751e8b465ee728b)
Start importing Assets/Resources/Room_NESW.prefab using Guid(2af4dce1e44c25044b9411658845ca1f) Importer(815301076,1909f56bfc062723c751e8b465ee728b)  -> (artifact id: 'fc40b2e37eaced28243f10b8f50d4785') in 0.007010 seconds
  Import took 0.011451 seconds .

========================================================================
Received Prepare
Registering precompiled user dll's ...
Registered in 0.001813 seconds.
Begin MonoManager ReloadAssembly
Native extension for WindowsStandalone target not found
Refreshing native plugins compatible for Editor in 0.57 ms, found 1 plugins.
Preloading 0 native plugins for Editor in 0.00 ms.
Invoked RoslynAnalysisRunner static constructor.
RoslynAnalysisRunner will not be running.
RoslynAnalysisRunner has terminated.
Mono: successfully reloaded assembly
- Completed reload, in  1.169 seconds
Platform modules already initialized, skipping
Refreshing native plugins compatible for Editor in 1.02 ms, found 1 plugins.
Preloading 0 native plugins for Editor in 0.00 ms.
Unloading 1792 Unused Serialized files (Serialized files now loaded: 0)
System memory in use before: 88.5 MB.
System memory in use after: 88.6 MB.

Unloading 7 unused Assets to reduce memory usage. Loaded Objects now: 2276.
Total: 2.961500 ms (FindLiveObjects: 0.273600 ms CreateObjectMapping: 0.148900 ms MarkObjects: 2.520600 ms  DeleteObjects: 0.016800 ms)

========================================================================
Received Import Request.
  Time since last request: 626.379542 seconds.
  path: Assets/Scenes/JakeTestScene.unity
  artifactKey: Guid(e6bd7785c9b6560458f49f19646e2207) Importer(815301076,1909f56bfc062723c751e8b465ee728b)
Start importing Assets/Scenes/JakeTestScene.unity using Guid(e6bd7785c9b6560458f49f19646e2207) Importer(815301076,1909f56bfc062723c751e8b465ee728b)  -> (artifact id: 'ab7811cd720670e803cf405859cc0e93') in 0.020934 seconds
  Import took 0.025656 seconds .

========================================================================
Received Import Request.
  Time since last request: 0.003996 seconds.
  path: Assets/Scenes/JakeTestScene.unity
  artifactKey: Guid(e6bd7785c9b6560458f49f19646e2207) Importer(815301076,1909f56bfc062723c751e8b465ee728b)
Start importing Assets/Scenes/JakeTestScene.unity using Guid(e6bd7785c9b6560458f49f19646e2207) Importer(815301076,1909f56bfc062723c751e8b465ee728b)  -> (artifact id: 'ab7811cd720670e803cf405859cc0e93') in 0.003028 seconds
  Import took 0.008304 seconds .

AssetImportWorkerClient::OnTransportError - code=2 error=End of file
